***********************************************************************
*
*	CODE GENERATION LISTING FOR: RecipeManager
*	COMPILER VERSION: 3.0.0.0
*
***********************************************************************

**************************************************
	CODE GENERATOR SUBROUTINES
**************************************************

$$MOD:
005BA140  FB90 F3F1		sdiv r3, r0, r1
005BA144  4359     		mul r1, r1, r3
005BA146  EBC1 0000		rsb r0, r1, r0
005BA14A  4770     		bx lr

$$MOD_U:
005BA14C  FBB0 F3F1		udiv r3, r0, r1
005BA150  4359     		mul r1, r1, r3
005BA152  EBC1 0000		rsb r0, r1, r0
005BA156  4770     		bx lr

**************************************************
	List function block: OnOffCycle_v1
**************************************************

FUNCTION_BLOCK OnOffCycle_v1

	{ DE:"(eLLabUtyLib_C040) Set/reset output with random times" }

        VAR_INPUT
Enable : BOOL;	{ DE:"FB enable" }
MinOffTime : UDINT;	{ DE:"Minimum off time (mS)" }
MaxOffTime : UDINT;	{ DE:"Maximum off time (mS)" }
MinOnTime : UDINT;	{ DE:"Minimum on time (mS)" }
MaxOnTime : UDINT;	{ DE:"Maximum on time (mS)" }
	END_VAR

        VAR_OUTPUT
Out : BOOL;	{ DE:"Output status" }
Delay : UDINT;	{ DE:"Delay time (mS)" }
Time : UDINT;	{ DE:"Time (mS)" }
	END_VAR

        VAR_EXTERNAL
	{G:"System_variables"}
SysTime AT %MB0.320 : UDINT;	{ DE:"System time [mS]" }
	END_VAR

        VAR
TimePsd : UDINT;	{ DE:"Time passed (mS)" }
TimeBf : UDINT;	{ DE:"Time buffer (mS)" }
Enabled : BOOL;	{ DE:"FB enabled" }
	END_VAR

END_FUNCTION_BLOCK

005BA158  E92D 4040		stmdb sp!, { r6, lr }
005BA15C  462E     		mov r6, r5

005BA15E  F8DF 72AC		ldr r7, [pc, #+684] ; 0x9
005BA162  5DF0     		ldrb r0, [r6, +r7]

005BA164  F8DF 72A0		ldr r7, [pc, #+672] ; 0x8
005BA168  5DF7     		ldrb r7, [r6, +r7]
005BA16A  42B8     		cmp r0, r7
005BA16C  BF08 2000		eqmov r0, #0
005BA170  BF18 2001		nemov r0, #1

005BA174  2800     		cmp r0, #0
005BA176  D066     		beq #204 ; 0x005BA246


005BA17A  F8DF 7290		ldr r7, [pc, #+656] ; 0x9
005BA17E  5DF0     		ldrb r0, [r6, +r7]
005BA180  F8DF 7284		ldr r7, [pc, #+644] ; 0x8
005BA184  55F0     		strb r0, [r6, +r7]

005BA186  F8DF 7284		ldr r7, [pc, #+644] ; 0x9
005BA18A  5DF0     		ldrb r0, [r6, +r7]

005BA18C  2800     		cmp r0, #0
005BA18E  BF08 2001		eqmov r0, #1
005BA192  BF18 2000		nemov r0, #0

005BA196  2800     		cmp r0, #0
005BA198  D00C     		beq #24 ; 0x005BA1B4


005BA19C  2000     		mov r0, #0 ; 0
005BA19E  F8DF 7280		ldr r7, [pc, #+640] ; 0x1C
005BA1A2  55F0     		strb r0, [r6, +r7]

005BA1A4  F8DF 7268		ldr r7, [pc, #+616] ; 0xC
005BA1A8  59F0     		ldr r0, [r6, +r7]
005BA1AA  F8DF 7278		ldr r7, [pc, #+632] ; 0x20
005BA1AE  51F0     		str r0, [r6, +r7]

005BA1B0  E049     		b #146 ; 0x005BA246


005BA1B4  F8DF 725C		ldr r7, [pc, #+604] ; 0x10
005BA1B8  59F0     		ldr r0, [r6, +r7]

005BA1BA  F8DF 7254		ldr r7, [pc, #+596] ; 0xC
005BA1BE  59F7     		ldr r7, [r6, +r7]
005BA1C0  1BC0     		sub r0, r0, r7

005BA1C2  F8DF 7268		ldr r7, [pc, #+616] ; 0x28
005BA1C6  51F0     		str r0, [r6, +r7]

005BA1C8  F8DF 7260		ldr r7, [pc, #+608] ; 0x28
005BA1CC  59F0     		ldr r0, [r6, +r7]

005BA1CE  F8DF 426C		ldr r4, [pc, #+620] ; 0x4A4509
005BA1D2  F044 0401		orr r4, r4, #1
005BA1D6  47A0     		blx r4

005BA1D8  F8DF 7254		ldr r7, [pc, #+596] ; 0x2C
005BA1DC  51F0     		str r0, [r6, +r7]

005BA1DE  2001     		mov r0, #1 ; 1

005BA1E0  4600     		mov r0, r0
005BA1E2  F8DF 4254		ldr r4, [pc, #+596] ; 0x490509
005BA1E6  F044 0401		orr r4, r4, #1
005BA1EA  47A0     		blx r4

005BA1EC  F8DF 7240		ldr r7, [pc, #+576] ; 0x2C
005BA1F0  59F7     		ldr r7, [r6, +r7]
005BA1F2  B082     		sub sp, sp, #8
005BA1F4  F8CD 1000		str r1, [sp]
005BA1F8  4639     		mov r1, r7
005BA1FA  F8DF 4248		ldr r4, [pc, #+584] ; 0x4A4571
005BA1FE  F044 0401		orr r4, r4, #1
005BA202  47A0     		blx r4
005BA204  F8DD 1000		ldr r1, [sp]
005BA208  B002     		add sp, sp, #8

005BA20A  F8DF 7228		ldr r7, [pc, #+552] ; 0x30
005BA20E  51F0     		str r0, [r6, +r7]

005BA210  F8DF 7220		ldr r7, [pc, #+544] ; 0x30
005BA214  59F0     		ldr r0, [r6, +r7]

005BA216  F8DF 4228		ldr r4, [pc, #+552] ; 0x4A4529
005BA21A  F044 0401		orr r4, r4, #1
005BA21E  47A0     		blx r4

005BA220  F8DF 71EC		ldr r7, [pc, #+492] ; 0xC
005BA224  59F7     		ldr r7, [r6, +r7]
005BA226  19C0     		add r0, r0, r7

005BA228  F8DF 71F8		ldr r7, [pc, #+504] ; 0x20
005BA22C  51F0     		str r0, [r6, +r7]

005BA22E  F8DF 7218		ldr r7, [pc, #+536] ; 0x20412F8C
005BA232  6838     		ldr r0, [r7]
005BA234  F8DF 71CC		ldr r7, [pc, #+460] ; 0x4
005BA238  51F0     		str r0, [r6, +r7]

005BA23A  F8DF 71E8		ldr r7, [pc, #+488] ; 0x20
005BA23E  59F0     		ldr r0, [r6, +r7]
005BA240  F8DF 71E4		ldr r7, [pc, #+484] ; 0x24
005BA244  51F0     		str r0, [r6, +r7]

005BA246  F8DF 71C4		ldr r7, [pc, #+452] ; 0x9
005BA24A  5DF0     		ldrb r0, [r6, +r7]

005BA24C  2800     		cmp r0, #0
005BA24E  BF08 2001		eqmov r0, #1
005BA252  BF18 2000		nemov r0, #0

005BA256  2800     		cmp r0, #0
005BA258  D002     		beq #4 ; 0x005BA260


005BA25C  E0CF     		b #414 ; 0x005BA3FE


005BA260  F8DF 71E4		ldr r7, [pc, #+484] ; 0x20412F8C
005BA264  6838     		ldr r0, [r7]

005BA266  F8DF 719C		ldr r7, [pc, #+412] ; 0x4
005BA26A  59F7     		ldr r7, [r6, +r7]
005BA26C  1BC0     		sub r0, r0, r7

005BA26E  6030     		str r0, [r6]

005BA270  F8DF 71D4		ldr r7, [pc, #+468] ; 0x20412F8C
005BA274  6838     		ldr r0, [r7]
005BA276  F8DF 718C		ldr r7, [pc, #+396] ; 0x4
005BA27A  51F0     		str r0, [r6, +r7]

005BA27C  F8DF 71A8		ldr r7, [pc, #+424] ; 0x24
005BA280  59F0     		ldr r0, [r6, +r7]

005BA282  6837     		ldr r7, [r6]
005BA284  42B8     		cmp r0, r7
005BA286  BF98 2000		lsmov r0, #0
005BA28A  BF88 2001		himov r0, #1

005BA28E  B082     		sub sp, sp, #8
005BA290  F8CD 0000		str r0, [sp]
005BA294  F8DF 7190		ldr r7, [pc, #+400] ; 0x24
005BA298  59F0     		ldr r0, [r6, +r7]

005BA29A  2800     		cmp r0, #0
005BA29C  BF98 2000		lsmov r0, #0
005BA2A0  BF88 2001		himov r0, #1

005BA2A4  4607     		mov r7, r0
005BA2A6  F8DD 0000		ldr r0, [sp]
005BA2AA  B002     		add sp, sp, #8
005BA2AC  4038     		and r0, r0, r7

005BA2AE  2800     		cmp r0, #0
005BA2B0  D00A     		beq #20 ; 0x005BA2C8


005BA2B4  F8DF 7170		ldr r7, [pc, #+368] ; 0x24
005BA2B8  59F0     		ldr r0, [r6, +r7]

005BA2BA  6837     		ldr r7, [r6]
005BA2BC  1BC0     		sub r0, r0, r7

005BA2BE  F8DF 7168		ldr r7, [pc, #+360] ; 0x24
005BA2C2  51F0     		str r0, [r6, +r7]

005BA2C4  E09B     		b #310 ; 0x005BA3FE


005BA2C8  F8DF 7154		ldr r7, [pc, #+340] ; 0x1C
005BA2CC  5DF0     		ldrb r0, [r6, +r7]

005BA2CE  2701     		mov r7, #1 ; 1
005BA2D0  4078     		eor r0, r0, r7

005BA2D2  F8DF 714C		ldr r7, [pc, #+332] ; 0x1C
005BA2D6  55F0     		strb r0, [r6, +r7]

005BA2D8  F8DF 7144		ldr r7, [pc, #+324] ; 0x1C
005BA2DC  5DF0     		ldrb r0, [r6, +r7]

005BA2DE  2800     		cmp r0, #0
005BA2E0  BF08 2001		eqmov r0, #1
005BA2E4  BF18 2000		nemov r0, #0

005BA2E8  2800     		cmp r0, #0
005BA2EA  D045     		beq #138 ; 0x005BA378


005BA2EE  F8DF 7124		ldr r7, [pc, #+292] ; 0x10
005BA2F2  59F0     		ldr r0, [r6, +r7]

005BA2F4  F8DF 7118		ldr r7, [pc, #+280] ; 0xC
005BA2F8  59F7     		ldr r7, [r6, +r7]
005BA2FA  1BC0     		sub r0, r0, r7

005BA2FC  F8DF 712C		ldr r7, [pc, #+300] ; 0x28
005BA300  51F0     		str r0, [r6, +r7]

005BA302  F8DF 7128		ldr r7, [pc, #+296] ; 0x28
005BA306  59F0     		ldr r0, [r6, +r7]

005BA308  F8DF 4130		ldr r4, [pc, #+304] ; 0x4A4509
005BA30C  F044 0401		orr r4, r4, #1
005BA310  47A0     		blx r4

005BA312  F8DF 711C		ldr r7, [pc, #+284] ; 0x2C
005BA316  51F0     		str r0, [r6, +r7]

005BA318  2001     		mov r0, #1 ; 1

005BA31A  4600     		mov r0, r0
005BA31C  F8DF 4118		ldr r4, [pc, #+280] ; 0x490509
005BA320  F044 0401		orr r4, r4, #1
005BA324  47A0     		blx r4

005BA326  F8DF 7108		ldr r7, [pc, #+264] ; 0x2C
005BA32A  59F7     		ldr r7, [r6, +r7]
005BA32C  B082     		sub sp, sp, #8
005BA32E  F8CD 1000		str r1, [sp]
005BA332  4639     		mov r1, r7
005BA334  F8DF 410C		ldr r4, [pc, #+268] ; 0x4A4571
005BA338  F044 0401		orr r4, r4, #1
005BA33C  47A0     		blx r4
005BA33E  F8DD 1000		ldr r1, [sp]
005BA342  B002     		add sp, sp, #8

005BA344  F8DF 70EC		ldr r7, [pc, #+236] ; 0x30
005BA348  51F0     		str r0, [r6, +r7]

005BA34A  F8DF 70E8		ldr r7, [pc, #+232] ; 0x30
005BA34E  59F0     		ldr r0, [r6, +r7]

005BA350  F8DF 40EC		ldr r4, [pc, #+236] ; 0x4A4529
005BA354  F044 0401		orr r4, r4, #1
005BA358  47A0     		blx r4

005BA35A  F8DF 70B4		ldr r7, [pc, #+180] ; 0xC
005BA35E  59F7     		ldr r7, [r6, +r7]
005BA360  19C0     		add r0, r0, r7

005BA362  F8DF 70C0		ldr r7, [pc, #+192] ; 0x20
005BA366  51F0     		str r0, [r6, +r7]

005BA368  F8DF 70B8		ldr r7, [pc, #+184] ; 0x20
005BA36C  59F0     		ldr r0, [r6, +r7]
005BA36E  F8DF 70B8		ldr r7, [pc, #+184] ; 0x24
005BA372  51F0     		str r0, [r6, +r7]

005BA374  E043     		b #134 ; 0x005BA3FE


005BA378  F8DF 70A0		ldr r7, [pc, #+160] ; 0x18
005BA37C  59F0     		ldr r0, [r6, +r7]

005BA37E  F8DF 7098		ldr r7, [pc, #+152] ; 0x14
005BA382  59F7     		ldr r7, [r6, +r7]
005BA384  1BC0     		sub r0, r0, r7

005BA386  F8DF 70A4		ldr r7, [pc, #+164] ; 0x28
005BA38A  51F0     		str r0, [r6, +r7]

005BA38C  F8DF 709C		ldr r7, [pc, #+156] ; 0x28
005BA390  59F0     		ldr r0, [r6, +r7]

005BA392  F8DF 40A8		ldr r4, [pc, #+168] ; 0x4A4509
005BA396  F044 0401		orr r4, r4, #1
005BA39A  47A0     		blx r4

005BA39C  F8DF 7090		ldr r7, [pc, #+144] ; 0x2C
005BA3A0  51F0     		str r0, [r6, +r7]

005BA3A2  2001     		mov r0, #1 ; 1

005BA3A4  4600     		mov r0, r0
005BA3A6  F8DF 4090		ldr r4, [pc, #+144] ; 0x490509
005BA3AA  F044 0401		orr r4, r4, #1
005BA3AE  47A0     		blx r4

005BA3B0  F8DF 707C		ldr r7, [pc, #+124] ; 0x2C
005BA3B4  59F7     		ldr r7, [r6, +r7]
005BA3B6  B082     		sub sp, sp, #8
005BA3B8  F8CD 1000		str r1, [sp]
005BA3BC  4639     		mov r1, r7
005BA3BE  F8DF 4084		ldr r4, [pc, #+132] ; 0x4A4571
005BA3C2  F044 0401		orr r4, r4, #1
005BA3C6  47A0     		blx r4
005BA3C8  F8DD 1000		ldr r1, [sp]
005BA3CC  B002     		add sp, sp, #8

005BA3CE  F8DF 7064		ldr r7, [pc, #+100] ; 0x30
005BA3D2  51F0     		str r0, [r6, +r7]

005BA3D4  F8DF 705C		ldr r7, [pc, #+92] ; 0x30
005BA3D8  59F0     		ldr r0, [r6, +r7]

005BA3DA  F8DF 4064		ldr r4, [pc, #+100] ; 0x4A4529
005BA3DE  F044 0401		orr r4, r4, #1
005BA3E2  47A0     		blx r4

005BA3E4  F8DF 7030		ldr r7, [pc, #+48] ; 0x14
005BA3E8  59F7     		ldr r7, [r6, +r7]
005BA3EA  19C0     		add r0, r0, r7

005BA3EC  F8DF 7034		ldr r7, [pc, #+52] ; 0x20
005BA3F0  51F0     		str r0, [r6, +r7]

005BA3F2  F8DF 7030		ldr r7, [pc, #+48] ; 0x20
005BA3F6  59F0     		ldr r0, [r6, +r7]
005BA3F8  F8DF 702C		ldr r7, [pc, #+44] ; 0x24
005BA3FC  51F0     		str r0, [r6, +r7]

005BA3FE  E8BD 4040		ldmia sp!, { r6, lr }

005BA402  4770     		bx lr

005BA404  00000004		; 0x00000004
005BA408  00000008		; 0x00000008
005BA40C  00000009		; 0x00000009
005BA410  0000000C		; 0x0000000C
005BA414  00000010		; 0x00000010
005BA418  00000014		; 0x00000014
005BA41C  00000018		; 0x00000018
005BA420  0000001C		; 0x0000001C
005BA424  00000020		; 0x00000020
005BA428  00000024		; 0x00000024
005BA42C  00000028		; 0x00000028
005BA430  0000002C		; 0x0000002C
005BA434  00000030		; 0x00000030
005BA438  00490509		; 0x00490509
005BA43C  004A4509		; 0x004A4509
005BA440  004A4529		; 0x004A4529
005BA444  004A4571		; 0x004A4571
005BA448  20412F8C		; 0x20412F8C


Frame allocation:

	0000       : VAR TimePsd
	0004       : VAR TimeBf
	0008 bit  0: VAR Enabled
	0009 bit  0: VAR Enable
	000C       : VAR MinOffTime
	0010       : VAR MaxOffTime
	0014       : VAR MinOnTime
	0018       : VAR MaxOnTime
	001C bit  0: VAR Out
	0020       : VAR Delay
	0024       : VAR Time

END_FUNCTION_BLOCK
**************************************************
	List function block: FileMemoryDump
**************************************************

FUNCTION_BLOCK FileMemoryDump

	{ DE:"(eLLabLogLib_B310) Dumps and retrieves memory on file" }

        VAR_INPUT
Enable : BOOL;	{ DE:"Enable to execution" }
Read : BOOL := FALSE;	{ DE:"Write command" }
Write : BOOL := FALSE;	{ DE:"Write command" }
Filename : STRING[ 32 ];	{ DE:"Path and name of file where to log" }
MBufferPtr : @USINT;	{ DE:"Memory buffer pointer" }
MBufferSize : UDINT;	{ DE:"Memory buffer size" }
	END_VAR

        VAR_OUTPUT
Enabled : BOOL;	{ DE:"Function block enabled" }
Done : BOOL;	{ DE:"Request executed" }
Fault : BOOL;	{ DE:"Request not executed" }
	END_VAR

        VAR_EXTERNAL
	{G:"System_variables"}
SysActTaskID AT %MB0.64 : USINT;	{ DE:"System active task ID" }
	END_VAR

        VAR
CaseNr : USINT;	{ DE:"Case number" }
FPos : DINT;	{ DE:"File position" }
Fp : UDINT;	{ DE:"File pointer" }
OfsAddress : ARRAY[ 0..1 ] OF UDINT;	{ DE:"Offset address" }
Ptr : @USINT;	{ DE:"Internal pointer" }
StringBf : STRING[ 64 ];	{ DE:"String buffer" }
i : INT;	{ DE:"Auxiliary variable" }
j : INT;	{ DE:"Auxiliary variable" }
StringPs : UDINT;	{ DE:"String position" }
	END_VAR

END_FUNCTION_BLOCK

005BA44C  E92D 4040		stmdb sp!, { r6, lr }
005BA450  462E     		mov r6, r5

005BA452  F8DF 7840		ldr r7, [pc, #+2112] ; 0x92
005BA456  5DF0     		ldrb r0, [r6, +r7]

005BA458  2800     		cmp r0, #0
005BA45A  D006     		beq #12 ; 0x005BA46A


005BA45E  2000     		mov r0, #0 ; 0
005BA460  F8DF 7830		ldr r7, [pc, #+2096] ; 0x92
005BA464  55F0     		strb r0, [r6, +r7]

005BA466  2000     		mov r0, #0 ; 0
005BA468  7030     		strb r0, [r6]

005BA46A  F8DF 7824		ldr r7, [pc, #+2084] ; 0x91
005BA46E  5DF0     		ldrb r0, [r6, +r7]

005BA470  2800     		cmp r0, #0
005BA472  D006     		beq #12 ; 0x005BA482


005BA476  2000     		mov r0, #0 ; 0
005BA478  F8DF 7814		ldr r7, [pc, #+2068] ; 0x91
005BA47C  55F0     		strb r0, [r6, +r7]

005BA47E  2000     		mov r0, #0 ; 0
005BA480  7030     		strb r0, [r6]

005BA482  F8DF 7898		ldr r7, [pc, #+2200] ; 0x20412E8C
005BA486  7838     		ldrb r0, [r7]

005BA488  2801     		cmp r0, #1
005BA48A  BF08 2000		eqmov r0, #0
005BA48E  BF18 2001		nemov r0, #1

005BA492  2800     		cmp r0, #0
005BA494  D010     		beq #32 ; 0x005BA4B8


005BA498  2001     		mov r0, #1 ; 1
005BA49A  F8DF 77F8		ldr r7, [pc, #+2040] ; 0x92
005BA49E  55F0     		strb r0, [r6, +r7]

005BA4A0  F8DF 7838		ldr r7, [pc, #+2104] ; 0x5BA0A4
005BA4A4  6838     		ldr r0, [r7]

005BA4A6  4600     		mov r0, r0
005BA4A8  F8DF 4818		ldr r4, [pc, #+2072] ; 0x490561
005BA4AC  F044 0401		orr r4, r4, #1
005BA4B0  47A0     		blx r4

005BA4B2  F8DF 77B4		ldr r7, [pc, #+1972] ; 0x5A
005BA4B6  53F0     		strh r0, [r6, +r7]

005BA4B8  F8DF 77B8		ldr r7, [pc, #+1976] ; 0x64
005BA4BC  5DF0     		ldrb r0, [r6, +r7]

005BA4BE  2800     		cmp r0, #0
005BA4C0  BF08 2001		eqmov r0, #1
005BA4C4  BF18 2000		nemov r0, #0

005BA4C8  2800     		cmp r0, #0
005BA4CA  D008     		beq #16 ; 0x005BA4DE


005BA4CE  2000     		mov r0, #0 ; 0
005BA4D0  F8DF 77B8		ldr r7, [pc, #+1976] ; 0x90
005BA4D4  55F0     		strb r0, [r6, +r7]

005BA4D6  2000     		mov r0, #0 ; 0
005BA4D8  7030     		strb r0, [r6]

005BA4DA  F000 BDF3		b #3046 ; 0x005BB0C4


005BA4DE  2001     		mov r0, #1 ; 1
005BA4E0  F8DF 77A8		ldr r7, [pc, #+1960] ; 0x90
005BA4E4  55F0     		strb r0, [r6, +r7]

005BA4E6  7830     		ldrb r0, [r6]

005BA4E8  2800     		cmp r0, #0
005BA4EA  BF18 2000		nemov r0, #0
005BA4EE  BF08 2001		eqmov r0, #1

005BA4F2  2800     		cmp r0, #0
005BA4F4  D138     		bne #112 ; 0x005BA568


005BA4F8  7830     		ldrb r0, [r6]

005BA4FA  280A     		cmp r0, #10
005BA4FC  BF18 2000		nemov r0, #0
005BA500  BF08 2001		eqmov r0, #1

005BA504  2800     		cmp r0, #0
005BA506  D145     		bne #138 ; 0x005BA594


005BA50A  7830     		ldrb r0, [r6]

005BA50C  280B     		cmp r0, #11
005BA50E  BF18 2000		nemov r0, #0
005BA512  BF08 2001		eqmov r0, #1

005BA516  2800     		cmp r0, #0
005BA518  D14F     		bne #158 ; 0x005BA5BA


005BA51C  7830     		ldrb r0, [r6]

005BA51E  280C     		cmp r0, #12
005BA520  BF18 2000		nemov r0, #0
005BA524  BF08 2001		eqmov r0, #1

005BA528  2800     		cmp r0, #0
005BA52A  F040 827C		bne #1272 ; 0x005BAA26


005BA52E  7830     		ldrb r0, [r6]

005BA530  2814     		cmp r0, #20
005BA532  BF18 2000		nemov r0, #0
005BA536  BF08 2001		eqmov r0, #1

005BA53A  2800     		cmp r0, #0
005BA53C  F040 82D9		bne #1458 ; 0x005BAAF2


005BA540  7830     		ldrb r0, [r6]

005BA542  2815     		cmp r0, #21
005BA544  BF18 2000		nemov r0, #0
005BA548  BF08 2001		eqmov r0, #1

005BA54C  2800     		cmp r0, #0
005BA54E  F040 8302		bne #1540 ; 0x005BAB56


005BA552  7830     		ldrb r0, [r6]

005BA554  2816     		cmp r0, #22
005BA556  BF18 2000		nemov r0, #0
005BA55A  BF08 2001		eqmov r0, #1

005BA55E  2800     		cmp r0, #0
005BA560  F040 8466		bne #2252 ; 0x005BAE30


005BA564  F000 BD9E		b #2876 ; 0x005BB0A4


005BA568  F8DF 770C		ldr r7, [pc, #+1804] ; 0x65
005BA56C  5DF0     		ldrb r0, [r6, +r7]

005BA56E  2800     		cmp r0, #0
005BA570  D004     		beq #8 ; 0x005BA57C


005BA574  200A     		mov r0, #10 ; 10
005BA576  7030     		strb r0, [r6]

005BA578  F000 BDA4		b #2888 ; 0x005BB0C4


005BA57C  F8DF 76FC		ldr r7, [pc, #+1788] ; 0x66
005BA580  5DF0     		ldrb r0, [r6, +r7]

005BA582  2800     		cmp r0, #0
005BA584  D004     		beq #8 ; 0x005BA590


005BA588  2014     		mov r0, #20 ; 20
005BA58A  7030     		strb r0, [r6]

005BA58C  F000 BD9A		b #2868 ; 0x005BB0C4


005BA590  F000 BD98		b #2864 ; 0x005BB0C4


005BA594  2000     		mov r0, #0 ; 0
005BA596  F8DF 76B8		ldr r7, [pc, #+1720] ; 0x4
005BA59A  51F0     		str r0, [r6, +r7]

005BA59C  F8DF 76E4		ldr r7, [pc, #+1764] ; 0x88
005BA5A0  59F0     		ldr r0, [r6, +r7]
005BA5A2  F8DF 76BC		ldr r7, [pc, #+1724] ; 0x14
005BA5A6  51F0     		str r0, [r6, +r7]

005BA5A8  2000     		mov r0, #0 ; 0
005BA5AA  F8DF 76AC		ldr r7, [pc, #+1708] ; 0xC
005BA5AE  51F0     		str r0, [r6, +r7]

005BA5B0  7830     		ldrb r0, [r6]

005BA5B2  1C40     		add r0, r0, #1

005BA5B4  7030     		strb r0, [r6]

005BA5B6  F000 BD85		b #2826 ; 0x005BB0C4


005BA5BA  4630     		mov r0, r6
005BA5BC  F8DF 76C0		ldr r7, [pc, #+1728] ; 0x67
005BA5C0  19C0     		add r0, r0, r7

005BA5C2  F8DF 771C		ldr r7, [pc, #+1820] ; 0x5BA0A8
005BA5C6  4639     		mov r1, r7
005BA5C8  F8DF 4700		ldr r4, [pc, #+1792] ; 0x4909FD
005BA5CC  F044 0401		orr r4, r4, #1
005BA5D0  47A0     		blx r4

005BA5D2  F8DF 7680		ldr r7, [pc, #+1664] ; 0x8
005BA5D6  51F0     		str r0, [r6, +r7]

005BA5D8  F8DF 7678		ldr r7, [pc, #+1656] ; 0x8
005BA5DC  59F0     		ldr r0, [r6, +r7]

005BA5DE  2700     		mov r7, #0 ; 0
005BA5E0  42B8     		cmp r0, r7
005BA5E2  BF18 2000		nemov r0, #0
005BA5E6  BF08 2001		eqmov r0, #1

005BA5EA  2800     		cmp r0, #0
005BA5EC  D012     		beq #36 ; 0x005BA614


005BA5F0  2001     		mov r0, #1 ; 1
005BA5F2  F8DF 76A0		ldr r7, [pc, #+1696] ; 0x92
005BA5F6  55F0     		strb r0, [r6, +r7]

005BA5F8  F8DF 76E8		ldr r7, [pc, #+1768] ; 0x5BA0AC
005BA5FC  6838     		ldr r0, [r7]

005BA5FE  4600     		mov r0, r0
005BA600  F8DF 46C0		ldr r4, [pc, #+1728] ; 0x490561
005BA604  F044 0401		orr r4, r4, #1
005BA608  47A0     		blx r4

005BA60A  F8DF 765C		ldr r7, [pc, #+1628] ; 0x5A
005BA60E  53F0     		strh r0, [r6, +r7]

005BA610  F000 BD58		b #2736 ; 0x005BB0C4


005BA614  F8DF 763C		ldr r7, [pc, #+1596] ; 0x8
005BA618  59F0     		ldr r0, [r6, +r7]

005BA61A  2200     		mov r2, #0 ; 0
005BA61C  F8DF 7630		ldr r7, [pc, #+1584] ; 0x4
005BA620  59F1     		ldr r1, [r6, +r7]
005BA622  4600     		mov r0, r0
005BA624  F8DF 468C		ldr r4, [pc, #+1676] ; 0x48F5D5
005BA628  F044 0401		orr r4, r4, #1
005BA62C  47A0     		blx r4

005BA62E  F04F 37FF		mov r7, #4294967295 ; 4294967295
005BA632  42B8     		cmp r0, r7
005BA634  BF18 2000		nemov r0, #0
005BA638  BF08 2001		eqmov r0, #1

005BA63C  2800     		cmp r0, #0
005BA63E  D01E     		beq #60 ; 0x005BA67E


005BA642  2001     		mov r0, #1 ; 1
005BA644  F8DF 764C		ldr r7, [pc, #+1612] ; 0x92
005BA648  55F0     		strb r0, [r6, +r7]

005BA64A  F8DF 7608		ldr r7, [pc, #+1544] ; 0x8
005BA64E  59F0     		ldr r0, [r6, +r7]

005BA650  4600     		mov r0, r0
005BA652  F8DF 467C		ldr r4, [pc, #+1660] ; 0x490A61
005BA656  F044 0401		orr r4, r4, #1
005BA65A  47A0     		blx r4

005BA65C  F8DF 7608		ldr r7, [pc, #+1544] ; 0x5A
005BA660  53F0     		strh r0, [r6, +r7]

005BA662  F8DF 7684		ldr r7, [pc, #+1668] ; 0x5BA0B0
005BA666  6838     		ldr r0, [r7]

005BA668  4600     		mov r0, r0
005BA66A  F8DF 4658		ldr r4, [pc, #+1624] ; 0x490561
005BA66E  F044 0401		orr r4, r4, #1
005BA672  47A0     		blx r4

005BA674  F8DF 75F0		ldr r7, [pc, #+1520] ; 0x5A
005BA678  53F0     		strh r0, [r6, +r7]

005BA67A  F000 BD23		b #2630 ; 0x005BB0C4


005BA67E  F8DF 75D4		ldr r7, [pc, #+1492] ; 0x8
005BA682  59F0     		ldr r0, [r6, +r7]

005BA684  4600     		mov r0, r0
005BA686  F8DF 4650		ldr r4, [pc, #+1616] ; 0x490C65
005BA68A  F044 0401		orr r4, r4, #1
005BA68E  47A0     		blx r4

005BA690  F8DF 75D8		ldr r7, [pc, #+1496] ; 0x5C
005BA694  53F0     		strh r0, [r6, +r7]

005BA696  F8DF 75D4		ldr r7, [pc, #+1492] ; 0x5C
005BA69A  5FF0     		ldrsh r0, [r6, +r7]

005BA69C  283D     		cmp r0, #61
005BA69E  BFD8 2000		lemov r0, #0
005BA6A2  BFC8 2001		gtmov r0, #1

005BA6A6  2800     		cmp r0, #0
005BA6A8  D004     		beq #8 ; 0x005BA6B4


005BA6AC  203D     		mov r0, #61 ; 61
005BA6AE  F8DF 75BC		ldr r7, [pc, #+1468] ; 0x5C
005BA6B2  53F0     		strh r0, [r6, +r7]

005BA6B4  4630     		mov r0, r6
005BA6B6  F8DF 75AC		ldr r7, [pc, #+1452] ; 0x18
005BA6BA  19C0     		add r0, r0, r7

005BA6BC  F8DF 75D8		ldr r7, [pc, #+1496] ; 0x94
005BA6C0  51F0     		str r0, [r6, +r7]

005BA6C2  F8DF 75D4		ldr r7, [pc, #+1492] ; 0x94
005BA6C6  59F0     		ldr r0, [r6, +r7]

005BA6C8  F8DF 7588		ldr r7, [pc, #+1416] ; 0x8
005BA6CC  59F3     		ldr r3, [r6, +r7]
005BA6CE  F8DF 759C		ldr r7, [pc, #+1436] ; 0x5C
005BA6D2  5FF2     		ldrsh r2, [r6, +r7]
005BA6D4  2101     		mov r1, #1 ; 1
005BA6D6  4600     		mov r0, r0
005BA6D8  F8DF 45F8		ldr r4, [pc, #+1528] ; 0x490B9D
005BA6DC  F044 0401		orr r4, r4, #1
005BA6E0  47A0     		blx r4

005BA6E2  F8DF 7584		ldr r7, [pc, #+1412] ; 0x5A
005BA6E6  53F0     		strh r0, [r6, +r7]

005BA6E8  F8DF 7564		ldr r7, [pc, #+1380] ; 0x4
005BA6EC  59F0     		ldr r0, [r6, +r7]

005BA6EE  F8DF 757C		ldr r7, [pc, #+1404] ; 0x5C
005BA6F2  5FF7     		ldrsh r7, [r6, +r7]
005BA6F4  19C0     		add r0, r0, r7

005BA6F6  F8DF 7558		ldr r7, [pc, #+1368] ; 0x4
005BA6FA  51F0     		str r0, [r6, +r7]

005BA6FC  F8DF 7554		ldr r7, [pc, #+1364] ; 0x8
005BA700  59F0     		ldr r0, [r6, +r7]

005BA702  4600     		mov r0, r0
005BA704  F8DF 45C8		ldr r4, [pc, #+1480] ; 0x490A61
005BA708  F044 0401		orr r4, r4, #1
005BA70C  47A0     		blx r4

005BA70E  F04F 37FF		mov r7, #4294967295 ; 4294967295
005BA712  42B8     		cmp r0, r7
005BA714  BF18 2000		nemov r0, #0
005BA718  BF08 2001		eqmov r0, #1

005BA71C  2800     		cmp r0, #0
005BA71E  D012     		beq #36 ; 0x005BA746


005BA722  2001     		mov r0, #1 ; 1
005BA724  F8DF 756C		ldr r7, [pc, #+1388] ; 0x92
005BA728  55F0     		strb r0, [r6, +r7]

005BA72A  F8DF 75C0		ldr r7, [pc, #+1472] ; 0x5BA0B4
005BA72E  6838     		ldr r0, [r7]

005BA730  4600     		mov r0, r0
005BA732  F8DF 4590		ldr r4, [pc, #+1424] ; 0x490561
005BA736  F044 0401		orr r4, r4, #1
005BA73A  47A0     		blx r4

005BA73C  F8DF 7528		ldr r7, [pc, #+1320] ; 0x5A
005BA740  53F0     		strh r0, [r6, +r7]

005BA742  F000 BCBF		b #2430 ; 0x005BB0C4


005BA746  F8DF 7520		ldr r7, [pc, #+1312] ; 0x5A
005BA74A  5FF0     		ldrsh r0, [r6, +r7]

005BA74C  F8DF 751C		ldr r7, [pc, #+1308] ; 0x5C
005BA750  5FF7     		ldrsh r7, [r6, +r7]
005BA752  42B8     		cmp r0, r7
005BA754  BF08 2000		eqmov r0, #0
005BA758  BF18 2001		nemov r0, #1

005BA75C  2800     		cmp r0, #0
005BA75E  D012     		beq #36 ; 0x005BA786


005BA762  2001     		mov r0, #1 ; 1
005BA764  F8DF 752C		ldr r7, [pc, #+1324] ; 0x92
005BA768  55F0     		strb r0, [r6, +r7]

005BA76A  F8DF 7584		ldr r7, [pc, #+1412] ; 0x5BA0B8
005BA76E  6838     		ldr r0, [r7]

005BA770  4600     		mov r0, r0
005BA772  F8DF 4550		ldr r4, [pc, #+1360] ; 0x490561
005BA776  F044 0401		orr r4, r4, #1
005BA77A  47A0     		blx r4

005BA77C  F8DF 74E8		ldr r7, [pc, #+1256] ; 0x5A
005BA780  53F0     		strh r0, [r6, +r7]

005BA782  F000 BC9F		b #2366 ; 0x005BB0C4


005BA786  4630     		mov r0, r6
005BA788  F8DF 74D8		ldr r7, [pc, #+1240] ; 0x18
005BA78C  19C0     		add r0, r0, r7

005BA78E  F8DF 7508		ldr r7, [pc, #+1288] ; 0x94
005BA792  51F0     		str r0, [r6, +r7]

005BA794  4630     		mov r0, r6
005BA796  F8DF 74C4		ldr r7, [pc, #+1220] ; 0x10
005BA79A  19C0     		add r0, r0, r7

005BA79C  F8DF 74FC		ldr r7, [pc, #+1276] ; 0x98
005BA7A0  51F0     		str r0, [r6, +r7]

005BA7A2  F8DF 74F4		ldr r7, [pc, #+1268] ; 0x94
005BA7A6  59F0     		ldr r0, [r6, +r7]

005BA7A8  F8DF 74F0		ldr r7, [pc, #+1264] ; 0x98
005BA7AC  59F3     		ldr r3, [r6, +r7]
005BA7AE  222A     		mov r2, #42 ; 42
005BA7B0  F8DF 7540		ldr r7, [pc, #+1344] ; 0x5BA0BC
005BA7B4  4639     		mov r1, r7
005BA7B6  4600     		mov r0, r0
005BA7B8  F8DF 4504		ldr r4, [pc, #+1284] ; 0x48FBB1
005BA7BC  F044 0401		orr r4, r4, #1
005BA7C0  47A0     		blx r4

005BA7C2  2800     		cmp r0, #0
005BA7C4  BF08 2001		eqmov r0, #1
005BA7C8  BF18 2000		nemov r0, #0

005BA7CC  2800     		cmp r0, #0
005BA7CE  D012     		beq #36 ; 0x005BA7F6


005BA7D2  2001     		mov r0, #1 ; 1
005BA7D4  F8DF 74BC		ldr r7, [pc, #+1212] ; 0x92
005BA7D8  55F0     		strb r0, [r6, +r7]

005BA7DA  F8DF 751C		ldr r7, [pc, #+1308] ; 0x5BA0C4
005BA7DE  6838     		ldr r0, [r7]

005BA7E0  4600     		mov r0, r0
005BA7E2  F8DF 44E0		ldr r4, [pc, #+1248] ; 0x490561
005BA7E6  F044 0401		orr r4, r4, #1
005BA7EA  47A0     		blx r4

005BA7EC  F8DF 7478		ldr r7, [pc, #+1144] ; 0x5A
005BA7F0  53F0     		strh r0, [r6, +r7]

005BA7F2  F000 BC67		b #2254 ; 0x005BB0C4


005BA7F6  2009     		mov r0, #9 ; 9
005BA7F8  F8DF 7474		ldr r7, [pc, #+1140] ; 0x60
005BA7FC  51F0     		str r0, [r6, +r7]

005BA7FE  F8DF 7458		ldr r7, [pc, #+1112] ; 0xC
005BA802  59F0     		ldr r0, [r6, +r7]

005BA804  F8DF 7454		ldr r7, [pc, #+1108] ; 0x10
005BA808  59F7     		ldr r7, [r6, +r7]
005BA80A  42B8     		cmp r0, r7
005BA80C  BF08 2000		eqmov r0, #0
005BA810  BF18 2001		nemov r0, #1

005BA814  2800     		cmp r0, #0
005BA816  D012     		beq #36 ; 0x005BA83E


005BA81A  2001     		mov r0, #1 ; 1
005BA81C  F8DF 7474		ldr r7, [pc, #+1140] ; 0x92
005BA820  55F0     		strb r0, [r6, +r7]

005BA822  F8DF 74D8		ldr r7, [pc, #+1240] ; 0x5BA0C8
005BA826  6838     		ldr r0, [r7]

005BA828  4600     		mov r0, r0
005BA82A  F8DF 4498		ldr r4, [pc, #+1176] ; 0x490561
005BA82E  F044 0401		orr r4, r4, #1
005BA832  47A0     		blx r4

005BA834  F8DF 7430		ldr r7, [pc, #+1072] ; 0x5A
005BA838  53F0     		strh r0, [r6, +r7]

005BA83A  F000 BC43		b #2182 ; 0x005BB0C4


005BA83E  2000     		mov r0, #0 ; 0

005BA840  F8DF 7424		ldr r7, [pc, #+1060] ; 0x5A
005BA844  53F0     		strh r0, [r6, +r7]

005BA846  F8DF 7420		ldr r7, [pc, #+1056] ; 0x5A
005BA84A  5FF0     		ldrsh r0, [r6, +r7]

005BA84C  2807     		cmp r0, #7
005BA84E  BFD8 2000		lemov r0, #0
005BA852  BFC8 2001		gtmov r0, #1

005BA856  2800     		cmp r0, #0
005BA858  D165     		bne #202 ; 0x005BA926


005BA85C  4630     		mov r0, r6
005BA85E  F8DF 7404		ldr r7, [pc, #+1028] ; 0x18
005BA862  19C0     		add r0, r0, r7

005BA864  F8DF 7408		ldr r7, [pc, #+1032] ; 0x60
005BA868  59F7     		ldr r7, [r6, +r7]
005BA86A  19C0     		add r0, r0, r7

005BA86C  F8DF 7428		ldr r7, [pc, #+1064] ; 0x94
005BA870  51F0     		str r0, [r6, +r7]

005BA872  F8DF 7424		ldr r7, [pc, #+1060] ; 0x94
005BA876  59F0     		ldr r0, [r6, +r7]

005BA878  F8DF 73E4		ldr r7, [pc, #+996] ; 0x14
005BA87C  59F3     		ldr r3, [r6, +r7]
005BA87E  2216     		mov r2, #22 ; 22
005BA880  F8DF 747C		ldr r7, [pc, #+1148] ; 0x5BA0CC
005BA884  4639     		mov r1, r7
005BA886  4600     		mov r0, r0
005BA888  F8DF 4434		ldr r4, [pc, #+1076] ; 0x48FBB1
005BA88C  F044 0401		orr r4, r4, #1
005BA890  47A0     		blx r4

005BA892  2800     		cmp r0, #0
005BA894  BF08 2001		eqmov r0, #1
005BA898  BF18 2000		nemov r0, #0

005BA89C  2800     		cmp r0, #0
005BA89E  D012     		beq #36 ; 0x005BA8C6


005BA8A2  2001     		mov r0, #1 ; 1
005BA8A4  F8DF 73EC		ldr r7, [pc, #+1004] ; 0x92
005BA8A8  55F0     		strb r0, [r6, +r7]

005BA8AA  F8DF 7458		ldr r7, [pc, #+1112] ; 0x5BA0D4
005BA8AE  6838     		ldr r0, [r7]

005BA8B0  4600     		mov r0, r0
005BA8B2  F8DF 4410		ldr r4, [pc, #+1040] ; 0x490561
005BA8B6  F044 0401		orr r4, r4, #1
005BA8BA  47A0     		blx r4

005BA8BC  F8DF 73A8		ldr r7, [pc, #+936] ; 0x5A
005BA8C0  53F0     		strh r0, [r6, +r7]

005BA8C2  E3FF     		b #2046 ; 0x005BB0C4


005BA8C6  F8DF 73A8		ldr r7, [pc, #+936] ; 0x60
005BA8CA  59F0     		ldr r0, [r6, +r7]

005BA8CC  1CC0     		add r0, r0, #3

005BA8CE  F8DF 73A0		ldr r7, [pc, #+928] ; 0x60
005BA8D2  51F0     		str r0, [r6, +r7]

005BA8D4  F8DF 7388		ldr r7, [pc, #+904] ; 0x14
005BA8D8  59F0     		ldr r0, [r6, +r7]

005BA8DA  1C40     		add r0, r0, #1

005BA8DC  F8DF 7380		ldr r7, [pc, #+896] ; 0x14
005BA8E0  51F0     		str r0, [r6, +r7]

005BA8E2  F8DF 7374		ldr r7, [pc, #+884] ; 0xC
005BA8E6  59F0     		ldr r0, [r6, +r7]

005BA8E8  1C40     		add r0, r0, #1

005BA8EA  F8DF 736C		ldr r7, [pc, #+876] ; 0xC
005BA8EE  51F0     		str r0, [r6, +r7]

005BA8F0  F8DF 7364		ldr r7, [pc, #+868] ; 0xC
005BA8F4  59F0     		ldr r0, [r6, +r7]

005BA8F6  F8DF 7390		ldr r7, [pc, #+912] ; 0x8C
005BA8FA  59F7     		ldr r7, [r6, +r7]
005BA8FC  42B8     		cmp r0, r7
005BA8FE  BF38 2000		lomov r0, #0
005BA902  BF28 2001		hsmov r0, #1

005BA906  2800     		cmp r0, #0
005BA908  D005     		beq #10 ; 0x005BA916


005BA90C  7830     		ldrb r0, [r6]

005BA90E  1C40     		add r0, r0, #1

005BA910  7030     		strb r0, [r6]

005BA912  E3D7     		b #1966 ; 0x005BB0C4


005BA916  F8DF 7350		ldr r7, [pc, #+848] ; 0x5A
005BA91A  5FF0     		ldrsh r0, [r6, +r7]

005BA91C  1C40     		add r0, r0, #1

005BA91E  F8DF 7348		ldr r7, [pc, #+840] ; 0x5A
005BA922  53F0     		strh r0, [r6, +r7]

005BA924  E78F     		b #-226 ; 0x005BA846

005BA926  F8DF 7348		ldr r7, [pc, #+840] ; 0x60
005BA92A  59F0     		ldr r0, [r6, +r7]

005BA92C  1C80     		add r0, r0, #2

005BA92E  F8DF 7340		ldr r7, [pc, #+832] ; 0x60
005BA932  51F0     		str r0, [r6, +r7]

005BA934  2000     		mov r0, #0 ; 0

005BA936  F8DF 7330		ldr r7, [pc, #+816] ; 0x5A
005BA93A  53F0     		strh r0, [r6, +r7]

005BA93C  F8DF 7328		ldr r7, [pc, #+808] ; 0x5A
005BA940  5FF0     		ldrsh r0, [r6, +r7]

005BA942  2807     		cmp r0, #7
005BA944  BFD8 2000		lemov r0, #0
005BA948  BFC8 2001		gtmov r0, #1

005BA94C  2800     		cmp r0, #0
005BA94E  D165     		bne #202 ; 0x005BAA1C


005BA952  4630     		mov r0, r6
005BA954  F8DF 730C		ldr r7, [pc, #+780] ; 0x18
005BA958  19C0     		add r0, r0, r7

005BA95A  F8DF 7314		ldr r7, [pc, #+788] ; 0x60
005BA95E  59F7     		ldr r7, [r6, +r7]
005BA960  19C0     		add r0, r0, r7

005BA962  F8DF 7334		ldr r7, [pc, #+820] ; 0x94
005BA966  51F0     		str r0, [r6, +r7]

005BA968  F8DF 732C		ldr r7, [pc, #+812] ; 0x94
005BA96C  59F0     		ldr r0, [r6, +r7]

005BA96E  F8DF 72F0		ldr r7, [pc, #+752] ; 0x14
005BA972  59F3     		ldr r3, [r6, +r7]
005BA974  2216     		mov r2, #22 ; 22
005BA976  F8DF 7388		ldr r7, [pc, #+904] ; 0x5BA0CC
005BA97A  4639     		mov r1, r7
005BA97C  4600     		mov r0, r0
005BA97E  F8DF 4340		ldr r4, [pc, #+832] ; 0x48FBB1
005BA982  F044 0401		orr r4, r4, #1
005BA986  47A0     		blx r4

005BA988  2800     		cmp r0, #0
005BA98A  BF08 2001		eqmov r0, #1
005BA98E  BF18 2000		nemov r0, #0

005BA992  2800     		cmp r0, #0
005BA994  D012     		beq #36 ; 0x005BA9BC


005BA998  2001     		mov r0, #1 ; 1
005BA99A  F8DF 72F8		ldr r7, [pc, #+760] ; 0x92
005BA99E  55F0     		strb r0, [r6, +r7]

005BA9A0  F8DF 7364		ldr r7, [pc, #+868] ; 0x5BA0D8
005BA9A4  6838     		ldr r0, [r7]

005BA9A6  4600     		mov r0, r0
005BA9A8  F8DF 4318		ldr r4, [pc, #+792] ; 0x490561
005BA9AC  F044 0401		orr r4, r4, #1
005BA9B0  47A0     		blx r4

005BA9B2  F8DF 72B4		ldr r7, [pc, #+692] ; 0x5A
005BA9B6  53F0     		strh r0, [r6, +r7]

005BA9B8  E384     		b #1800 ; 0x005BB0C4


005BA9BC  F8DF 72B0		ldr r7, [pc, #+688] ; 0x60
005BA9C0  59F0     		ldr r0, [r6, +r7]

005BA9C2  1CC0     		add r0, r0, #3

005BA9C4  F8DF 72A8		ldr r7, [pc, #+680] ; 0x60
005BA9C8  51F0     		str r0, [r6, +r7]

005BA9CA  F8DF 7294		ldr r7, [pc, #+660] ; 0x14
005BA9CE  59F0     		ldr r0, [r6, +r7]

005BA9D0  1C40     		add r0, r0, #1

005BA9D2  F8DF 728C		ldr r7, [pc, #+652] ; 0x14
005BA9D6  51F0     		str r0, [r6, +r7]

005BA9D8  F8DF 727C		ldr r7, [pc, #+636] ; 0xC
005BA9DC  59F0     		ldr r0, [r6, +r7]

005BA9DE  1C40     		add r0, r0, #1

005BA9E0  F8DF 7274		ldr r7, [pc, #+628] ; 0xC
005BA9E4  51F0     		str r0, [r6, +r7]

005BA9E6  F8DF 7270		ldr r7, [pc, #+624] ; 0xC
005BA9EA  59F0     		ldr r0, [r6, +r7]

005BA9EC  F8DF 7298		ldr r7, [pc, #+664] ; 0x8C
005BA9F0  59F7     		ldr r7, [r6, +r7]
005BA9F2  42B8     		cmp r0, r7
005BA9F4  BF38 2000		lomov r0, #0
005BA9F8  BF28 2001		hsmov r0, #1

005BA9FC  2800     		cmp r0, #0
005BA9FE  D005     		beq #10 ; 0x005BAA0C


005BAA02  7830     		ldrb r0, [r6]

005BAA04  1C40     		add r0, r0, #1

005BAA06  7030     		strb r0, [r6]

005BAA08  E35C     		b #1720 ; 0x005BB0C4


005BAA0C  F8DF 7258		ldr r7, [pc, #+600] ; 0x5A
005BAA10  5FF0     		ldrsh r0, [r6, +r7]

005BAA12  1C40     		add r0, r0, #1

005BAA14  F8DF 7250		ldr r7, [pc, #+592] ; 0x5A
005BAA18  53F0     		strh r0, [r6, +r7]

005BAA1A  E78F     		b #-226 ; 0x005BA93C

005BAA1C  7830     		ldrb r0, [r6]

005BAA1E  1C40     		add r0, r0, #1

005BAA20  7030     		strb r0, [r6]

005BAA22  E34F     		b #1694 ; 0x005BB0C4


005BAA26  4630     		mov r0, r6
005BAA28  F8DF 7238		ldr r7, [pc, #+568] ; 0x18
005BAA2C  19C0     		add r0, r0, r7

005BAA2E  F8DF 7268		ldr r7, [pc, #+616] ; 0x94
005BAA32  51F0     		str r0, [r6, +r7]

005BAA34  F8DF 02D4		ldr r0, [pc, #+724] ; 0x5BA0DC

005BAA38  F8DF 7260		ldr r7, [pc, #+608] ; 0x98
005BAA3C  51F0     		str r0, [r6, +r7]

005BAA3E  F8DF 7258		ldr r7, [pc, #+600] ; 0x94
005BAA42  59F0     		ldr r0, [r6, +r7]

005BAA44  2200     		mov r2, #0 ; 0
005BAA46  F8DF 7254		ldr r7, [pc, #+596] ; 0x98
005BAA4A  59F1     		ldr r1, [r6, +r7]
005BAA4C  4600     		mov r0, r0
005BAA4E  F8DF 4278		ldr r4, [pc, #+632] ; 0x4908DD
005BAA52  F044 0401		orr r4, r4, #1
005BAA56  47A0     		blx r4

005BAA58  F8DF 7244		ldr r7, [pc, #+580] ; 0x9C
005BAA5C  51F0     		str r0, [r6, +r7]

005BAA5E  4630     		mov r0, r6
005BAA60  F8DF 7200		ldr r7, [pc, #+512] ; 0x18
005BAA64  19C0     		add r0, r0, r7

005BAA66  F8DF 723C		ldr r7, [pc, #+572] ; 0xA0
005BAA6A  51F0     		str r0, [r6, +r7]

005BAA6C  F8DF 7230		ldr r7, [pc, #+560] ; 0x9C
005BAA70  59F0     		ldr r0, [r6, +r7]

005BAA72  F8DF 7230		ldr r7, [pc, #+560] ; 0xA0
005BAA76  59F7     		ldr r7, [r6, +r7]
005BAA78  1BC0     		sub r0, r0, r7

005BAA7A  F8DF 722C		ldr r7, [pc, #+556] ; 0xA4
005BAA7E  51F0     		str r0, [r6, +r7]

005BAA80  F8DF 7224		ldr r7, [pc, #+548] ; 0xA4
005BAA84  59F0     		ldr r0, [r6, +r7]

005BAA86  F8DF 71E8		ldr r7, [pc, #+488] ; 0x60
005BAA8A  59F7     		ldr r7, [r6, +r7]
005BAA8C  42B8     		cmp r0, r7
005BAA8E  BF08 2000		eqmov r0, #0
005BAA92  BF18 2001		nemov r0, #1

005BAA96  2800     		cmp r0, #0
005BAA98  D012     		beq #36 ; 0x005BAAC0


005BAA9C  2001     		mov r0, #1 ; 1
005BAA9E  F8DF 71F4		ldr r7, [pc, #+500] ; 0x92
005BAAA2  55F0     		strb r0, [r6, +r7]

005BAAA4  F8DF 7268		ldr r7, [pc, #+616] ; 0x5BA0E4
005BAAA8  6838     		ldr r0, [r7]

005BAAAA  4600     		mov r0, r0
005BAAAC  F8DF 4214		ldr r4, [pc, #+532] ; 0x490561
005BAAB0  F044 0401		orr r4, r4, #1
005BAAB4  47A0     		blx r4

005BAAB6  F8DF 71B0		ldr r7, [pc, #+432] ; 0x5A
005BAABA  53F0     		strh r0, [r6, +r7]

005BAABC  E302     		b #1540 ; 0x005BB0C4


005BAAC0  F8DF 7194		ldr r7, [pc, #+404] ; 0xC
005BAAC4  59F0     		ldr r0, [r6, +r7]

005BAAC6  F8DF 71C0		ldr r7, [pc, #+448] ; 0x8C
005BAACA  59F7     		ldr r7, [r6, +r7]
005BAACC  42B8     		cmp r0, r7
005BAACE  BF28 2000		hsmov r0, #0
005BAAD2  BF38 2001		lomov r0, #1

005BAAD6  2800     		cmp r0, #0
005BAAD8  D005     		beq #10 ; 0x005BAAE6


005BAADC  7830     		ldrb r0, [r6]

005BAADE  1E40     		sub r0, r0, #1

005BAAE0  7030     		strb r0, [r6]

005BAAE2  E2EF     		b #1502 ; 0x005BB0C4


005BAAE6  2001     		mov r0, #1 ; 1
005BAAE8  F8DF 71A4		ldr r7, [pc, #+420] ; 0x91
005BAAEC  55F0     		strb r0, [r6, +r7]

005BAAEE  E2E9     		b #1490 ; 0x005BB0C4


005BAAF2  4630     		mov r0, r6
005BAAF4  F8DF 7188		ldr r7, [pc, #+392] ; 0x67
005BAAF8  19C0     		add r0, r0, r7

005BAAFA  F8DF 41B4		ldr r4, [pc, #+436] ; 0x48F5A1
005BAAFE  F044 0401		orr r4, r4, #1
005BAB02  47A0     		blx r4

005BAB04  2800     		cmp r0, #0
005BAB06  BFD8 2000		lemov r0, #0
005BAB0A  BFC8 2001		gtmov r0, #1

005BAB0E  2800     		cmp r0, #0
005BAB10  D012     		beq #36 ; 0x005BAB38


005BAB14  4630     		mov r0, r6
005BAB16  F8DF 7168		ldr r7, [pc, #+360] ; 0x67
005BAB1A  19C0     		add r0, r0, r7

005BAB1C  F8DF 418C		ldr r4, [pc, #+396] ; 0x48F461
005BAB20  F044 0401		orr r4, r4, #1
005BAB24  47A0     		blx r4

005BAB26  2700     		mov r7, #0 ; 0
005BAB28  42B8     		cmp r0, r7
005BAB2A  BF18 2000		nemov r0, #0
005BAB2E  BF08 2001		eqmov r0, #1

005BAB32  2800     		cmp r0, #0
005BAB34  D000     		beq #0 ; 0x005BAB38


005BAB38  F8DF 7148		ldr r7, [pc, #+328] ; 0x88
005BAB3C  59F0     		ldr r0, [r6, +r7]
005BAB3E  F8DF 7120		ldr r7, [pc, #+288] ; 0x14
005BAB42  51F0     		str r0, [r6, +r7]

005BAB44  2000     		mov r0, #0 ; 0
005BAB46  F8DF 7110		ldr r7, [pc, #+272] ; 0xC
005BAB4A  51F0     		str r0, [r6, +r7]

005BAB4C  7830     		ldrb r0, [r6]

005BAB4E  1C40     		add r0, r0, #1

005BAB50  7030     		strb r0, [r6]

005BAB52  E2B7     		b #1390 ; 0x005BB0C4


005BAB56  4630     		mov r0, r6
005BAB58  F8DF 7108		ldr r7, [pc, #+264] ; 0x18
005BAB5C  19C0     		add r0, r0, r7

005BAB5E  F8DF 7144		ldr r7, [pc, #+324] ; 0xA0
005BAB62  51F0     		str r0, [r6, +r7]

005BAB64  4630     		mov r0, r6
005BAB66  F8DF 70F0		ldr r7, [pc, #+240] ; 0xC
005BAB6A  19C0     		add r0, r0, r7

005BAB6C  F8DF 7128		ldr r7, [pc, #+296] ; 0x94
005BAB70  51F0     		str r0, [r6, +r7]

005BAB72  F8DF 7130		ldr r7, [pc, #+304] ; 0xA0
005BAB76  59F0     		ldr r0, [r6, +r7]

005BAB78  B082     		sub sp, sp, #8
005BAB7A  F8DF 711C		ldr r7, [pc, #+284] ; 0x94
005BAB7E  59F7     		ldr r7, [r6, +r7]
005BAB80  F8CD 7000		str r7, [sp]
005BAB84  232A     		mov r3, #42 ; 42
005BAB86  F8DF 718C		ldr r7, [pc, #+396] ; 0x5BA0E8
005BAB8A  463A     		mov r2, r7
005BAB8C  2141     		mov r1, #65 ; 65
005BAB8E  4600     		mov r0, r0
005BAB90  F8DF 4124		ldr r4, [pc, #+292] ; 0x48F96D
005BAB94  F044 0401		orr r4, r4, #1
005BAB98  47A0     		blx r4
005BAB9A  B002     		add sp, sp, #8

005BAB9C  F8DF 70CC		ldr r7, [pc, #+204] ; 0x5C
005BABA0  53F0     		strh r0, [r6, +r7]

005BABA2  2000     		mov r0, #0 ; 0

005BABA4  F8DF 70C0		ldr r7, [pc, #+192] ; 0x5A
005BABA8  53F0     		strh r0, [r6, +r7]

005BABAA  F8DF 70BC		ldr r7, [pc, #+188] ; 0x5A
005BABAE  5FF0     		ldrsh r0, [r6, +r7]

005BABB0  2807     		cmp r0, #7
005BABB2  BFD8 2000		lemov r0, #0
005BABB6  BFC8 2001		gtmov r0, #1

005BABBA  2800     		cmp r0, #0
005BABBC  F040 80B1		bne #354 ; 0x005BAD22


005BABC0  4630     		mov r0, r6
005BABC2  F8DF 70A0		ldr r7, [pc, #+160] ; 0x18
005BABC6  19C0     		add r0, r0, r7

005BABC8  F8DF 70D8		ldr r7, [pc, #+216] ; 0xA0
005BABCC  51F0     		str r0, [r6, +r7]

005BABCE  F8DF 70D4		ldr r7, [pc, #+212] ; 0xA0
005BABD2  59F0     		ldr r0, [r6, +r7]

005BABD4  B082     		sub sp, sp, #8
005BABD6  F8DF 7088		ldr r7, [pc, #+136] ; 0x14
005BABDA  59F7     		ldr r7, [r6, +r7]
005BABDC  F8CD 7000		str r7, [sp]
005BABE0  2316     		mov r3, #22 ; 22
005BABE2  F8DF 7134		ldr r7, [pc, #+308] ; 0x5BA0F0
005BABE6  463A     		mov r2, r7
005BABE8  2141     		mov r1, #65 ; 65
005BABEA  4600     		mov r0, r0
005BABEC  F8DF 40CC		ldr r4, [pc, #+204] ; 0x48FB19
005BABF0  F044 0401		orr r4, r4, #1
005BABF4  47A0     		blx r4
005BABF6  B002     		add sp, sp, #8

005BABF8  F8DF 7070		ldr r7, [pc, #+112] ; 0x5C
005BABFC  53F0     		strh r0, [r6, +r7]

005BABFE  F8DF 7060		ldr r7, [pc, #+96] ; 0x14
005BAC02  59F0     		ldr r0, [r6, +r7]

005BAC04  1C40     		add r0, r0, #1

005BAC06  F8DF 7058		ldr r7, [pc, #+88] ; 0x14
005BAC0A  51F0     		str r0, [r6, +r7]

005BAC0C  F8DF 7048		ldr r7, [pc, #+72] ; 0xC
005BAC10  59F0     		ldr r0, [r6, +r7]

005BAC12  1C40     		add r0, r0, #1

005BAC14  F8DF 7040		ldr r7, [pc, #+64] ; 0xC
005BAC18  51F0     		str r0, [r6, +r7]

005BAC1A  F8DF 703C		ldr r7, [pc, #+60] ; 0xC
005BAC1E  59F0     		ldr r0, [r6, +r7]

005BAC20  F8DF 7064		ldr r7, [pc, #+100] ; 0x8C
005BAC24  59F7     		ldr r7, [r6, +r7]
005BAC26  42B8     		cmp r0, r7
005BAC28  BF38 2000		lomov r0, #0
005BAC2C  BF28 2001		hsmov r0, #1

005BAC30  2800     		cmp r0, #0
005BAC32  D005     		beq #10 ; 0x005BAC40


005BAC36  7830     		ldrb r0, [r6]

005BAC38  1C40     		add r0, r0, #1

005BAC3A  7030     		strb r0, [r6]

005BAC3C  E242     		b #1156 ; 0x005BB0C4


005BAC40  F8DF 7024		ldr r7, [pc, #+36] ; 0x5A
005BAC44  5FF0     		ldrsh r0, [r6, +r7]

005BAC46  1C40     		add r0, r0, #1

005BAC48  F8DF 701C		ldr r7, [pc, #+28] ; 0x5A
005BAC4C  53F0     		strh r0, [r6, +r7]

005BAC4E  E067     		b #206

005BAC50  00000004		; 0x00000004
005BAC54  00000008		; 0x00000008
005BAC58  0000000C		; 0x0000000C
005BAC5C  00000010		; 0x00000010
005BAC60  00000014		; 0x00000014
005BAC64  00000018		; 0x00000018
005BAC68  0000005A		; 0x0000005A
005BAC6C  0000005C		; 0x0000005C
005BAC70  00000060		; 0x00000060
005BAC74  00000064		; 0x00000064
005BAC78  00000065		; 0x00000065
005BAC7C  00000066		; 0x00000066
005BAC80  00000067		; 0x00000067
005BAC84  00000088		; 0x00000088
005BAC88  0000008C		; 0x0000008C
005BAC8C  00000090		; 0x00000090
005BAC90  00000091		; 0x00000091
005BAC94  00000092		; 0x00000092
005BAC98  00000094		; 0x00000094
005BAC9C  00000098		; 0x00000098
005BACA0  0000009C		; 0x0000009C
005BACA4  000000A0		; 0x000000A0
005BACA8  000000A4		; 0x000000A4
005BACAC  0048F461		; 0x0048F461
005BACB0  0048F5A1		; 0x0048F5A1
005BACB4  0048F5D5		; 0x0048F5D5
005BACB8  0048F96D		; 0x0048F96D
005BACBC  0048FB19		; 0x0048FB19
005BACC0  0048FBB1		; 0x0048FBB1
005BACC4  00490561		; 0x00490561
005BACC8  004908DD		; 0x004908DD
005BACCC  004909FD		; 0x004909FD
005BACD0  00490A61		; 0x00490A61
005BACD4  00490B9D		; 0x00490B9D
005BACD8  00490C65		; 0x00490C65
005BACDC  005BA0A4		; 0x005BA0A4
005BACE0  005BA0A8		; 0x005BA0A8
005BACE4  005BA0AC		; 0x005BA0AC
005BACE8  005BA0B0		; 0x005BA0B0
005BACEC  005BA0B4		; 0x005BA0B4
005BACF0  005BA0B8		; 0x005BA0B8
005BACF4  005BA0BC		; 0x005BA0BC
005BACF8  005BA0C4		; 0x005BA0C4
005BACFC  005BA0C8		; 0x005BA0C8
005BAD00  005BA0CC		; 0x005BA0CC
005BAD04  005BA0D4		; 0x005BA0D4
005BAD08  005BA0D8		; 0x005BA0D8
005BAD0C  005BA0DC		; 0x005BA0DC
005BAD10  005BA0E4		; 0x005BA0E4
005BAD14  005BA0E8		; 0x005BA0E8
005BAD18  005BA0F0		; 0x005BA0F0
005BAD1C  20412E8C		; 0x20412E8C

005BAD20  E743     		b #-378 ; 0x005BABAA

005BAD22  4630     		mov r0, r6
005BAD24  F85F 70C4		ldr r7, [pc, #-196] ; 0x18
005BAD28  19C0     		add r0, r0, r7

005BAD2A  F85F 7088		ldr r7, [pc, #-136] ; 0xA0
005BAD2E  51F0     		str r0, [r6, +r7]

005BAD30  F8DF 03B4		ldr r0, [pc, #+948] ; 0x5BA0F8

005BAD34  F85F 70A0		ldr r7, [pc, #-160] ; 0x94
005BAD38  51F0     		str r0, [r6, +r7]

005BAD3A  F85F 7098		ldr r7, [pc, #-152] ; 0xA0
005BAD3E  59F0     		ldr r0, [r6, +r7]

005BAD40  B082     		sub sp, sp, #8
005BAD42  F85F 70AC		ldr r7, [pc, #-172] ; 0x94
005BAD46  59F7     		ldr r7, [r6, +r7]
005BAD48  F8CD 7000		str r7, [sp]
005BAD4C  2332     		mov r3, #50 ; 50
005BAD4E  F8DF 739C		ldr r7, [pc, #+924] ; 0x5BA0FC
005BAD52  463A     		mov r2, r7
005BAD54  2141     		mov r1, #65 ; 65
005BAD56  4600     		mov r0, r0
005BAD58  F85F 40A0		ldr r4, [pc, #-160] ; 0x48FB19
005BAD5C  F044 0401		orr r4, r4, #1
005BAD60  47A0     		blx r4
005BAD62  B002     		add sp, sp, #8

005BAD64  F85F 70FC		ldr r7, [pc, #-252] ; 0x5C
005BAD68  53F0     		strh r0, [r6, +r7]

005BAD6A  F85F 70FC		ldr r7, [pc, #-252] ; 0x60
005BAD6E  59F0     		ldr r0, [r6, +r7]

005BAD70  1C80     		add r0, r0, #2

005BAD72  F85F 7104		ldr r7, [pc, #-260] ; 0x60
005BAD76  51F0     		str r0, [r6, +r7]

005BAD78  2000     		mov r0, #0 ; 0

005BAD7A  F85F 7114		ldr r7, [pc, #-276] ; 0x5A
005BAD7E  53F0     		strh r0, [r6, +r7]

005BAD80  F85F 711C		ldr r7, [pc, #-284] ; 0x5A
005BAD84  5FF0     		ldrsh r0, [r6, +r7]

005BAD86  2807     		cmp r0, #7
005BAD88  BFD8 2000		lemov r0, #0
005BAD8C  BFC8 2001		gtmov r0, #1

005BAD90  2800     		cmp r0, #0
005BAD92  D148     		bne #144 ; 0x005BAE26


005BAD96  4630     		mov r0, r6
005BAD98  F85F 7138		ldr r7, [pc, #-312] ; 0x18
005BAD9C  19C0     		add r0, r0, r7

005BAD9E  F85F 70FC		ldr r7, [pc, #-252] ; 0xA0
005BADA2  51F0     		str r0, [r6, +r7]

005BADA4  F85F 7104		ldr r7, [pc, #-260] ; 0xA0
005BADA8  59F0     		ldr r0, [r6, +r7]

005BADAA  B082     		sub sp, sp, #8
005BADAC  F85F 7150		ldr r7, [pc, #-336] ; 0x14
005BADB0  59F7     		ldr r7, [r6, +r7]
005BADB2  F8CD 7000		str r7, [sp]
005BADB6  2316     		mov r3, #22 ; 22
005BADB8  F85F 70A4		ldr r7, [pc, #-164] ; 0x5BA0F0
005BADBC  463A     		mov r2, r7
005BADBE  2141     		mov r1, #65 ; 65
005BADC0  4600     		mov r0, r0
005BADC2  F85F 4108		ldr r4, [pc, #-264] ; 0x48FB19
005BADC6  F044 0401		orr r4, r4, #1
005BADCA  47A0     		blx r4
005BADCC  B002     		add sp, sp, #8

005BADCE  F85F 7164		ldr r7, [pc, #-356] ; 0x5C
005BADD2  53F0     		strh r0, [r6, +r7]

005BADD4  F85F 7178		ldr r7, [pc, #-376] ; 0x14
005BADD8  59F0     		ldr r0, [r6, +r7]

005BADDA  1C40     		add r0, r0, #1

005BADDC  F85F 7180		ldr r7, [pc, #-384] ; 0x14
005BADE0  51F0     		str r0, [r6, +r7]

005BADE2  F85F 718C		ldr r7, [pc, #-396] ; 0xC
005BADE6  59F0     		ldr r0, [r6, +r7]

005BADE8  1C40     		add r0, r0, #1

005BADEA  F85F 7194		ldr r7, [pc, #-404] ; 0xC
005BADEE  51F0     		str r0, [r6, +r7]

005BADF0  F85F 719C		ldr r7, [pc, #-412] ; 0xC
005BADF4  59F0     		ldr r0, [r6, +r7]

005BADF6  F85F 7170		ldr r7, [pc, #-368] ; 0x8C
005BADFA  59F7     		ldr r7, [r6, +r7]
005BADFC  42B8     		cmp r0, r7
005BADFE  BF38 2000		lomov r0, #0
005BAE02  BF28 2001		hsmov r0, #1

005BAE06  2800     		cmp r0, #0
005BAE08  D005     		beq #10 ; 0x005BAE16


005BAE0C  7830     		ldrb r0, [r6]

005BAE0E  1C40     		add r0, r0, #1

005BAE10  7030     		strb r0, [r6]

005BAE12  E157     		b #686 ; 0x005BB0C4


005BAE16  F85F 71B0		ldr r7, [pc, #-432] ; 0x5A
005BAE1A  5FF0     		ldrsh r0, [r6, +r7]

005BAE1C  1C40     		add r0, r0, #1

005BAE1E  F85F 71B8		ldr r7, [pc, #-440] ; 0x5A
005BAE22  53F0     		strh r0, [r6, +r7]

005BAE24  E7AC     		b #-168 ; 0x005BAD80

005BAE26  7830     		ldrb r0, [r6]

005BAE28  1C40     		add r0, r0, #1

005BAE2A  7030     		strb r0, [r6]

005BAE2C  E14A     		b #660 ; 0x005BB0C4


005BAE30  4630     		mov r0, r6
005BAE32  F85F 71D0		ldr r7, [pc, #-464] ; 0x18
005BAE36  19C0     		add r0, r0, r7

005BAE38  F85F 7198		ldr r7, [pc, #-408] ; 0xA0
005BAE3C  51F0     		str r0, [r6, +r7]

005BAE3E  F85F 0134		ldr r0, [pc, #-308] ; 0x5BA0DC

005BAE42  F85F 71AC		ldr r7, [pc, #-428] ; 0x94
005BAE46  51F0     		str r0, [r6, +r7]

005BAE48  F85F 71A8		ldr r7, [pc, #-424] ; 0xA0
005BAE4C  59F0     		ldr r0, [r6, +r7]

005BAE4E  B082     		sub sp, sp, #8
005BAE50  F85F 71BC		ldr r7, [pc, #-444] ; 0x94
005BAE54  59F7     		ldr r7, [r6, +r7]
005BAE56  F8CD 7000		str r7, [sp]
005BAE5A  2332     		mov r3, #50 ; 50
005BAE5C  F8DF 728C		ldr r7, [pc, #+652] ; 0x5BA0FC
005BAE60  463A     		mov r2, r7
005BAE62  2141     		mov r1, #65 ; 65
005BAE64  4600     		mov r0, r0
005BAE66  F85F 41AC		ldr r4, [pc, #-428] ; 0x48FB19
005BAE6A  F044 0401		orr r4, r4, #1
005BAE6E  47A0     		blx r4
005BAE70  B002     		add sp, sp, #8

005BAE72  F85F 7208		ldr r7, [pc, #-520] ; 0x5C
005BAE76  53F0     		strh r0, [r6, +r7]

005BAE78  4630     		mov r0, r6
005BAE7A  F85F 71FC		ldr r7, [pc, #-508] ; 0x67
005BAE7E  19C0     		add r0, r0, r7

005BAE80  F8DF 726C		ldr r7, [pc, #+620] ; 0x5BA100
005BAE84  4639     		mov r1, r7
005BAE86  F85F 41BC		ldr r4, [pc, #-444] ; 0x4909FD
005BAE8A  F044 0401		orr r4, r4, #1
005BAE8E  47A0     		blx r4

005BAE90  F85F 7240		ldr r7, [pc, #-576] ; 0x8
005BAE94  51F0     		str r0, [r6, +r7]

005BAE96  F85F 7244		ldr r7, [pc, #-580] ; 0x8
005BAE9A  59F0     		ldr r0, [r6, +r7]

005BAE9C  2700     		mov r7, #0 ; 0
005BAE9E  42B8     		cmp r0, r7
005BAEA0  BF18 2000		nemov r0, #0
005BAEA4  BF08 2001		eqmov r0, #1

005BAEA8  2800     		cmp r0, #0
005BAEAA  D012     		beq #36 ; 0x005BAED2


005BAEAE  2001     		mov r0, #1 ; 1
005BAEB0  F85F 7220		ldr r7, [pc, #-544] ; 0x92
005BAEB4  55F0     		strb r0, [r6, +r7]

005BAEB6  F8DF 723C		ldr r7, [pc, #+572] ; 0x5BA104
005BAEBA  6838     		ldr r0, [r7]

005BAEBC  4600     		mov r0, r0
005BAEBE  F85F 41FC		ldr r4, [pc, #-508] ; 0x490561
005BAEC2  F044 0401		orr r4, r4, #1
005BAEC6  47A0     		blx r4

005BAEC8  F85F 7264		ldr r7, [pc, #-612] ; 0x5A
005BAECC  53F0     		strh r0, [r6, +r7]

005BAECE  E0F9     		b #498 ; 0x005BB0C4


005BAED2  4630     		mov r0, r6
005BAED4  F85F 7258		ldr r7, [pc, #-600] ; 0x67
005BAED8  19C0     		add r0, r0, r7

005BAEDA  F85F 422C		ldr r4, [pc, #-556] ; 0x48F5A1
005BAEDE  F044 0401		orr r4, r4, #1
005BAEE2  47A0     		blx r4

005BAEE4  F85F 7298		ldr r7, [pc, #-664] ; 0x4
005BAEE8  51F0     		str r0, [r6, +r7]

005BAEEA  F85F 7298		ldr r7, [pc, #-664] ; 0x8
005BAEEE  59F0     		ldr r0, [r6, +r7]

005BAEF0  2200     		mov r2, #0 ; 0
005BAEF2  F85F 72A4		ldr r7, [pc, #-676] ; 0x4
005BAEF6  59F1     		ldr r1, [r6, +r7]
005BAEF8  4600     		mov r0, r0
005BAEFA  F85F 4248		ldr r4, [pc, #-584] ; 0x48F5D5
005BAEFE  F044 0401		orr r4, r4, #1
005BAF02  47A0     		blx r4

005BAF04  F04F 37FF		mov r7, #4294967295 ; 4294967295
005BAF08  42B8     		cmp r0, r7
005BAF0A  BF18 2000		nemov r0, #0
005BAF0E  BF08 2001		eqmov r0, #1

005BAF12  2800     		cmp r0, #0
005BAF14  D01E     		beq #60 ; 0x005BAF54


005BAF18  2001     		mov r0, #1 ; 1
005BAF1A  F85F 7288		ldr r7, [pc, #-648] ; 0x92
005BAF1E  55F0     		strb r0, [r6, +r7]

005BAF20  F85F 72D0		ldr r7, [pc, #-720] ; 0x8
005BAF24  59F0     		ldr r0, [r6, +r7]

005BAF26  4600     		mov r0, r0
005BAF28  F85F 425C		ldr r4, [pc, #-604] ; 0x490A61
005BAF2C  F044 0401		orr r4, r4, #1
005BAF30  47A0     		blx r4

005BAF32  F85F 72CC		ldr r7, [pc, #-716] ; 0x5A
005BAF36  53F0     		strh r0, [r6, +r7]

005BAF38  F8DF 71BC		ldr r7, [pc, #+444] ; 0x5BA108
005BAF3C  6838     		ldr r0, [r7]

005BAF3E  4600     		mov r0, r0
005BAF40  F85F 4280		ldr r4, [pc, #-640] ; 0x490561
005BAF44  F044 0401		orr r4, r4, #1
005BAF48  47A0     		blx r4

005BAF4A  F85F 72E4		ldr r7, [pc, #-740] ; 0x5A
005BAF4E  53F0     		strh r0, [r6, +r7]

005BAF50  E0B8     		b #368 ; 0x005BB0C4


005BAF54  4630     		mov r0, r6
005BAF56  F85F 72F4		ldr r7, [pc, #-756] ; 0x18
005BAF5A  19C0     		add r0, r0, r7

005BAF5C  F85F 72BC		ldr r7, [pc, #-700] ; 0xA0
005BAF60  51F0     		str r0, [r6, +r7]

005BAF62  4630     		mov r0, r6
005BAF64  F85F 7304		ldr r7, [pc, #-772] ; 0x18
005BAF68  19C0     		add r0, r0, r7

005BAF6A  F8DF 4178		ldr r4, [pc, #+376] ; 0x4A4729
005BAF6E  F044 0401		orr r4, r4, #1
005BAF72  47A0     		blx r4

005BAF74  F8DF 7154		ldr r7, [pc, #+340] ; 0xA8
005BAF78  53F0     		strh r0, [r6, +r7]

005BAF7A  F8DF 7150		ldr r7, [pc, #+336] ; 0xA8
005BAF7E  5BF0     		ldrh r0, [r6, +r7]

005BAF80  F8DF 714C		ldr r7, [pc, #+332] ; 0xAA
005BAF84  53F0     		strh r0, [r6, +r7]

005BAF86  F85F 72E4		ldr r7, [pc, #-740] ; 0xA0
005BAF8A  59F0     		ldr r0, [r6, +r7]

005BAF8C  F85F 733C		ldr r7, [pc, #-828] ; 0x8
005BAF90  59F3     		ldr r3, [r6, +r7]
005BAF92  2201     		mov r2, #1 ; 1
005BAF94  F8DF 7138		ldr r7, [pc, #+312] ; 0xAA
005BAF98  5FF1     		ldrsh r1, [r6, +r7]
005BAF9A  4600     		mov r0, r0
005BAF9C  F8DF 4140		ldr r4, [pc, #+320] ; 0x490C01
005BAFA0  F044 0401		orr r4, r4, #1
005BAFA4  47A0     		blx r4

005BAFA6  F8DF 712C		ldr r7, [pc, #+300] ; 0xAC
005BAFAA  53F0     		strh r0, [r6, +r7]

005BAFAC  4630     		mov r0, r6
005BAFAE  F85F 734C		ldr r7, [pc, #-844] ; 0x18
005BAFB2  19C0     		add r0, r0, r7

005BAFB4  F8DF 412C		ldr r4, [pc, #+300] ; 0x4A4729
005BAFB8  F044 0401		orr r4, r4, #1
005BAFBC  47A0     		blx r4

005BAFBE  F8DF 7118		ldr r7, [pc, #+280] ; 0xAE
005BAFC2  53F0     		strh r0, [r6, +r7]

005BAFC4  F8DF 7110		ldr r7, [pc, #+272] ; 0xAE
005BAFC8  5BF0     		ldrh r0, [r6, +r7]

005BAFCA  F8DF 7110		ldr r7, [pc, #+272] ; 0xB0
005BAFCE  53F0     		strh r0, [r6, +r7]

005BAFD0  F8DF 7100		ldr r7, [pc, #+256] ; 0xAC
005BAFD4  5FF0     		ldrsh r0, [r6, +r7]

005BAFD6  F8DF 7104		ldr r7, [pc, #+260] ; 0xB0
005BAFDA  5FF7     		ldrsh r7, [r6, +r7]
005BAFDC  42B8     		cmp r0, r7
005BAFDE  BF08 2000		eqmov r0, #0
005BAFE2  BF18 2001		nemov r0, #1

005BAFE6  2800     		cmp r0, #0
005BAFE8  D01E     		beq #60 ; 0x005BB028


005BAFEC  2001     		mov r0, #1 ; 1
005BAFEE  F85F 735C		ldr r7, [pc, #-860] ; 0x92
005BAFF2  55F0     		strb r0, [r6, +r7]

005BAFF4  F85F 73A4		ldr r7, [pc, #-932] ; 0x8
005BAFF8  59F0     		ldr r0, [r6, +r7]

005BAFFA  4600     		mov r0, r0
005BAFFC  F85F 4330		ldr r4, [pc, #-816] ; 0x490A61
005BB000  F044 0401		orr r4, r4, #1
005BB004  47A0     		blx r4

005BB006  F85F 73A0		ldr r7, [pc, #-928] ; 0x5A
005BB00A  53F0     		strh r0, [r6, +r7]

005BB00C  F8DF 70EC		ldr r7, [pc, #+236] ; 0x5BA10C
005BB010  6838     		ldr r0, [r7]

005BB012  4600     		mov r0, r0
005BB014  F85F 4354		ldr r4, [pc, #-852] ; 0x490561
005BB018  F044 0401		orr r4, r4, #1
005BB01C  47A0     		blx r4

005BB01E  F85F 73B8		ldr r7, [pc, #-952] ; 0x5A
005BB022  53F0     		strh r0, [r6, +r7]

005BB024  E04E     		b #156 ; 0x005BB0C4


005BB028  F85F 73D8		ldr r7, [pc, #-984] ; 0x8
005BB02C  59F0     		ldr r0, [r6, +r7]

005BB02E  4600     		mov r0, r0
005BB030  F85F 4364		ldr r4, [pc, #-868] ; 0x490A61
005BB034  F044 0401		orr r4, r4, #1
005BB038  47A0     		blx r4

005BB03A  F04F 37FF		mov r7, #4294967295 ; 4294967295
005BB03E  42B8     		cmp r0, r7
005BB040  BF18 2000		nemov r0, #0
005BB044  BF08 2001		eqmov r0, #1

005BB048  2800     		cmp r0, #0
005BB04A  D012     		beq #36 ; 0x005BB072


005BB04E  2001     		mov r0, #1 ; 1
005BB050  F85F 73C0		ldr r7, [pc, #-960] ; 0x92
005BB054  55F0     		strb r0, [r6, +r7]

005BB056  F8DF 70A8		ldr r7, [pc, #+168] ; 0x5BA110
005BB05A  6838     		ldr r0, [r7]

005BB05C  4600     		mov r0, r0
005BB05E  F85F 439C		ldr r4, [pc, #-924] ; 0x490561
005BB062  F044 0401		orr r4, r4, #1
005BB066  47A0     		blx r4

005BB068  F85F 7404		ldr r7, [pc, #-1028] ; 0x5A
005BB06C  53F0     		strh r0, [r6, +r7]

005BB06E  E029     		b #82 ; 0x005BB0C4


005BB072  F85F 741C		ldr r7, [pc, #-1052] ; 0xC
005BB076  59F0     		ldr r0, [r6, +r7]

005BB078  F85F 73F4		ldr r7, [pc, #-1012] ; 0x8C
005BB07C  59F7     		ldr r7, [r6, +r7]
005BB07E  42B8     		cmp r0, r7
005BB080  BF28 2000		hsmov r0, #0
005BB084  BF38 2001		lomov r0, #1

005BB088  2800     		cmp r0, #0
005BB08A  D005     		beq #10 ; 0x005BB098


005BB08E  7830     		ldrb r0, [r6]

005BB090  1E40     		sub r0, r0, #1

005BB092  7030     		strb r0, [r6]

005BB094  E016     		b #44 ; 0x005BB0C4


005BB098  2001     		mov r0, #1 ; 1
005BB09A  F85F 740C		ldr r7, [pc, #-1036] ; 0x91
005BB09E  55F0     		strb r0, [r6, +r7]

005BB0A0  E010     		b #32 ; 0x005BB0C4


005BB0A4  2001     		mov r0, #1 ; 1
005BB0A6  F85F 7414		ldr r7, [pc, #-1044] ; 0x92
005BB0AA  55F0     		strb r0, [r6, +r7]

005BB0AC  F8DF 7054		ldr r7, [pc, #+84] ; 0x5BA114
005BB0B0  6838     		ldr r0, [r7]

005BB0B2  4600     		mov r0, r0
005BB0B4  F85F 43F4		ldr r4, [pc, #-1012] ; 0x490561
005BB0B8  F044 0401		orr r4, r4, #1
005BB0BC  47A0     		blx r4

005BB0BE  F85F 7458		ldr r7, [pc, #-1112] ; 0x5A
005BB0C2  53F0     		strh r0, [r6, +r7]

005BB0C4  E8BD 4040		ldmia sp!, { r6, lr }

005BB0C8  4770     		bx lr

005BB0CC  000000A8		; 0x000000A8
005BB0D0  000000AA		; 0x000000AA
005BB0D4  000000AC		; 0x000000AC
005BB0D8  000000AE		; 0x000000AE
005BB0DC  000000B0		; 0x000000B0
005BB0E0  00490C01		; 0x00490C01
005BB0E4  004A4729		; 0x004A4729
005BB0E8  005BA0F8		; 0x005BA0F8
005BB0EC  005BA0FC		; 0x005BA0FC
005BB0F0  005BA100		; 0x005BA100
005BB0F4  005BA104		; 0x005BA104
005BB0F8  005BA108		; 0x005BA108
005BB0FC  005BA10C		; 0x005BA10C
005BB100  005BA110		; 0x005BA110
005BB104  005BA114		; 0x005BA114


Frame allocation:

	0000       : VAR CaseNr
	0004       : VAR FPos
	0008       : VAR Fp
	000C       : VAR OfsAddress
	0014       : VAR Ptr
	0018       : VAR StringBf
	005A       : VAR i
	005C       : VAR j
	0060       : VAR StringPs
	0064 bit  0: VAR Enable
	0065 bit  0: VAR Read
	0066 bit  0: VAR Write
	0067       : VAR Filename
	0088       : VAR MBufferPtr
	008C       : VAR MBufferSize
	0090 bit  0: VAR Enabled
	0091 bit  0: VAR Done
	0092 bit  0: VAR Fault

END_FUNCTION_BLOCK
**************************************************
	List program: LampBlink
**************************************************

PROGRAM LampBlink

        VAR
Blink : OnOffCycle_v1;	{ DE:"Lamp blinking" }
	END_VAR

END_PROGRAM

005BB110  E92D 4DF0		stmdb sp!, { r4, r5, r6, r7, r8, r10, fp, lr }

#0		{SRC:LampBlink}
#1
#2
#3
#4
#5
#6
#7		{R:"1$FB:Blink"}
(*) UDINT
005BB114  F8DF 7084		ldr r7, [pc, #+132] ; 0x204131B1
005BB118  7838     		ldrb r0, [r7]
005BB11A  F8DF 7068		ldr r7, [pc, #+104] ; 0x20410E3D
005BB11E  7038     		strb r0, [r7]

#8		{R:"1$FB:Blink"}
(*) BOOL
005BB120  F8DF 7080		ldr r7, [pc, #+128] ; 0x204139B0
005BB124  8838     		ldrh r0, [r7]
005BB126  F8DF 7060		ldr r7, [pc, #+96] ; 0x20410E40
005BB12A  6038     		str r0, [r7]

#9		{R:"1$FB:Blink"}
(*) UINT
005BB12C  F8DF 7078		ldr r7, [pc, #+120] ; 0x204139B2
005BB130  8838     		ldrh r0, [r7]
005BB132  F8DF 7058		ldr r7, [pc, #+88] ; 0x20410E44
005BB136  6038     		str r0, [r7]

#10		{R:"1$FB:Blink"}
(*) UINT
005BB138  F8DF 7070		ldr r7, [pc, #+112] ; 0x204139B4
005BB13C  8838     		ldrh r0, [r7]
005BB13E  F8DF 7050		ldr r7, [pc, #+80] ; 0x20410E48
005BB142  6038     		str r0, [r7]

#11		{R:"1$FB:Blink"}
(*) UINT
005BB144  F8DF 7068		ldr r7, [pc, #+104] ; 0x204139B6
005BB148  8838     		ldrh r0, [r7]
005BB14A  F8DF 7048		ldr r7, [pc, #+72] ; 0x20410E4C
005BB14E  6038     		str r0, [r7]

#12		{R:"1$FB:Blink"}
(*) UINT
005BB150  E92D 0021		stmdb sp!, { r0, r5 }
005BB154  F8DF 7028		ldr r7, [pc, #+40] ; 0x20410E34
005BB158  463D     		mov r5, r7
005BB15A  F8DF 4020		ldr r4, [pc, #+32] ; 0x5BA158
005BB15E  F044 0401		orr r4, r4, #1
005BB162  47A0     		blx r4
005BB164  E8BD 0021		ldmia sp!, { r0, r5 }

#13		{R:"1$FB:Blink"}
(*) UINT
005BB168  F8DF 702C		ldr r7, [pc, #+44] ; 0x20410E50
005BB16C  7838     		ldrb r0, [r7]
005BB16E  F8DF 7030		ldr r7, [pc, #+48] ; 0x204131B2
005BB172  7038     		strb r0, [r7]

005BB174  E8BD 4DF0		ldmia sp!, { r4, r5, r6, r7, r8, r10, fp, lr }

005BB178  4770     		bx lr

005BB17C  005BA158		; 0x005BA158
005BB180  20410E34		; 0x20410E34
005BB184  20410E3D		; 0x20410E3D
005BB188  20410E40		; 0x20410E40
005BB18C  20410E44		; 0x20410E44
005BB190  20410E48		; 0x20410E48
005BB194  20410E4C		; 0x20410E4C
005BB198  20410E50		; 0x20410E50
005BB19C  204131B1		; 0x204131B1
005BB1A0  204131B2		; 0x204131B2
005BB1A4  204139B0		; 0x204139B0
005BB1A8  204139B2		; 0x204139B2
005BB1AC  204139B4		; 0x204139B4
005BB1B0  204139B6		; 0x204139B6

END_PROGRAM


**************************************************
	Target variable image generation
**************************************************


*** INPUT:
005BB1B4  4770     		bx lr


*** OUTPUT:
005BB1B6  4770     		bx lr



**************************************************
	Task Slow init code
**************************************************

005BB1B8  E92D 4DF0		stmdb sp!, { r4, r5, r6, r7, r8, r10, fp, lr }

005BB1BC  E8BD 4DF0		ldmia sp!, { r4, r5, r6, r7, r8, r10, fp, lr }

005BB1C0  4770     		bx lr

**************************************************
	List program: RecipeFile
**************************************************

PROGRAM RecipeFile

        VAR
MDump : FileMemoryDump;	{ DE:"Dump memory" }
i : UDINT;	{ DE:"Auxiliary variable" }
CaseNr : USINT;	{ DE:"Case programma" }
DLst : SysDirListing;	{ DE:"Directory listing" }
DirListing : BOOL;	{ DE:"Comando listing directory" }
TimeBf : UDINT;	{ DE:"Time buffer (uS)" }
	END_VAR

END_PROGRAM

005BB1D0  E92D 4DF0		stmdb sp!, { r4, r5, r6, r7, r8, r10, fp, lr }

#0		{SRC:RecipeFile}
#1
#2
#3
#4
#5		{L:24}
(*) UNDEF
005BB1D4  F8DF 76CC		ldr r7, [pc, #+1740] ; 0x20412E51
005BB1D8  7838     		ldrb r0, [r7]

#6		{L:24}
(-) BOOL
005BB1DA  2800     		cmp r0, #0
005BB1DC  D00D     		beq #26 ; 0x005BB1FA


#7
#8
#9
#10
#11		{L:25}
(*) BOOL
005BB1E0  F8DF 06E4		ldr r0, [pc, #+1764] ; 0x20413990

#12		{L:25}
(*) DWORD
005BB1E4  F8DF 7674		ldr r7, [pc, #+1652] ; 0x20410EF0
005BB1E8  6038     		str r0, [r7]

#13
#14
#15		{L:26}
(*) DWORD
005BB1EA  2028     		mov r0, #40 ; 40
005BB1EC  F8DF 7670		ldr r7, [pc, #+1648] ; 0x20410EF4
005BB1F0  6038     		str r0, [r7]

#16
#17
#18		{L:27}
(*) UDINT
005BB1F2  2001     		mov r0, #1 ; 1
005BB1F4  F8DF 7674		ldr r7, [pc, #+1652] ; 0x20410F1C
005BB1F8  7038     		strb r0, [r7]

#19
#20
#21
#22
#23
#24		{L:32}
(*) BOOL
005BB1FA  E92D 0021		stmdb sp!, { r0, r5 }
005BB1FE  F8DF 7648		ldr r7, [pc, #+1608] ; 0x20410E68
005BB202  463D     		mov r5, r7
005BB204  F8DF 463C		ldr r4, [pc, #+1596] ; 0x5BA44C
005BB208  F044 0401		orr r4, r4, #1
005BB20C  47A0     		blx r4
005BB20E  E8BD 0021		ldmia sp!, { r0, r5 }

#25
#26
#27		{L:33}
(*) UNDEF
005BB212  F8DF 763C		ldr r7, [pc, #+1596] ; 0x20410ECD
005BB216  7838     		ldrb r0, [r7]

#28		{L:33}
(*) BOOL
005BB218  F8DF 7638		ldr r7, [pc, #+1592] ; 0x20410ECE
005BB21C  783F     		ldrb r7, [r7]
005BB21E  4338     		orr r0, r0, r7

#29		{L:33}
(*) BOOL
005BB220  F8DF 7628		ldr r7, [pc, #+1576] ; 0x20410ECC
005BB224  7038     		strb r0, [r7]

#30
#31
#32
#33		{L:37}
(*) UNDEF
005BB226  F8DF 7640		ldr r7, [pc, #+1600] ; 0x20410EFA
005BB22A  7838     		ldrb r0, [r7]

#34		{L:37}
(-) BOOL
005BB22C  2800     		cmp r0, #0
005BB22E  D010     		beq #32 ; 0x005BB252


#35
#36
#37
#38
#39		{L:38}
(*) BOOL
005BB232  2001     		mov r0, #1 ; 1
005BB234  F8DF 7634		ldr r7, [pc, #+1588] ; 0x20410F1C
005BB238  7038     		strb r0, [r7]

#40
#41
#42		{L:39}
(*) BOOL
005BB23A  2000     		mov r0, #0 ; 0
005BB23C  F8DF 7610		ldr r7, [pc, #+1552] ; 0x20410ECD
005BB240  7038     		strb r0, [r7]

#43
#44
#45		{L:40}
(*) BOOL
005BB242  2000     		mov r0, #0 ; 0
005BB244  F8DF 760C		ldr r7, [pc, #+1548] ; 0x20410ECE
005BB248  7038     		strb r0, [r7]

#46
#47
#48		{L:41}
(*) BOOL
005BB24A  2000     		mov r0, #0 ; 0
005BB24C  F8DF 7620		ldr r7, [pc, #+1568] ; 0x20410F1D
005BB250  7038     		strb r0, [r7]

#49
#50
#51
#52
#53
#54
#55		{L:49}
(-) UNDEF
005BB252  2001     		mov r0, #1 ; 1

#56		{L:49}
(-) BOOL
005BB254  4600     		mov r0, r0
005BB256  F8DF 45CC		ldr r4, [pc, #+1484] ; 0x490519
005BB25A  F044 0401		orr r4, r4, #1
005BB25E  47A0     		blx r4

#57		{L:49}
(*) UDINT
005BB260  F8DF 7610		ldr r7, [pc, #+1552] ; 0x20410F20
005BB264  683F     		ldr r7, [r7]
005BB266  1BC0     		sub r0, r0, r7

#58		{L:49}
(*) UDINT
005BB268  F8DF 75CC		ldr r7, [pc, #+1484] ; 0x5BA118
005BB26C  683F     		ldr r7, [r7]
005BB26E  42B8     		cmp r0, r7
005BB270  BF98 2000		lsmov r0, #0
005BB274  BF88 2001		himov r0, #1

#59		{L:49}
(-) BOOL
005BB278  2800     		cmp r0, #0
005BB27A  D00E     		beq #28 ; 0x005BB29A


#60
#61
#62
#63
#64		{L:50}
(-) UNDEF
005BB27E  2001     		mov r0, #1 ; 1

#65		{L:50}
(-) BOOL
005BB280  4600     		mov r0, r0
005BB282  F8DF 45A0		ldr r4, [pc, #+1440] ; 0x490519
005BB286  F044 0401		orr r4, r4, #1
005BB28A  47A0     		blx r4

#66		{L:50}
(*) UDINT
005BB28C  F8DF 75E4		ldr r7, [pc, #+1508] ; 0x20410F20
005BB290  6038     		str r0, [r7]

#67
#68
#69		{L:51}
(*) UDINT
005BB292  2001     		mov r0, #1 ; 1
005BB294  F8DF 75D4		ldr r7, [pc, #+1492] ; 0x20410F1C
005BB298  7038     		strb r0, [r7]

#70
#71
#72
#73
#74
#75
#76
#77
#78		{L:64}
(*) UNDEF
005BB29A  F8DF 75D4		ldr r7, [pc, #+1492] ; 0x20410F1D
005BB29E  7838     		ldrb r0, [r7]

#79		{L:64}
(*) USINT
005BB2A0  2800     		cmp r0, #0
005BB2A2  BF18 2000		nemov r0, #0
005BB2A6  BF08 2001		eqmov r0, #1

#80
(-) BOOL
005BB2AA  2800     		cmp r0, #0
005BB2AC  D15A     		bne #180 ; 0x005BB364


#81
#82
#83		{L:75}
(*) UNDEF
005BB2B0  F8DF 75BC		ldr r7, [pc, #+1468] ; 0x20410F1D
005BB2B4  7838     		ldrb r0, [r7]

#84		{L:75}
(*) USINT
005BB2B6  280A     		cmp r0, #10
005BB2B8  BF18 2000		nemov r0, #0
005BB2BC  BF08 2001		eqmov r0, #1

#85
(-) BOOL
005BB2C0  2800     		cmp r0, #0
005BB2C2  F040 8085		bne #266 ; 0x005BB3D0


#86
#87
#88		{L:85}
(*) UNDEF
005BB2C6  F8DF 75A8		ldr r7, [pc, #+1448] ; 0x20410F1D
005BB2CA  7838     		ldrb r0, [r7]

#89		{L:85}
(*) USINT
005BB2CC  280B     		cmp r0, #11
005BB2CE  BF18 2000		nemov r0, #0
005BB2D2  BF08 2001		eqmov r0, #1

#90
(-) BOOL
005BB2D6  2800     		cmp r0, #0
005BB2D8  F040 8106		bne #524 ; 0x005BB4E8


#91
#92
#93		{L:95}
(*) UNDEF
005BB2DC  F8DF 7590		ldr r7, [pc, #+1424] ; 0x20410F1D
005BB2E0  7838     		ldrb r0, [r7]

#94		{L:95}
(*) USINT
005BB2E2  2814     		cmp r0, #20
005BB2E4  BF18 2000		nemov r0, #0
005BB2E8  BF08 2001		eqmov r0, #1

#95
(-) BOOL
005BB2EC  2800     		cmp r0, #0
005BB2EE  F040 8112		bne #548 ; 0x005BB516


#96
#97
#98		{L:103}
(*) UNDEF
005BB2F2  F8DF 757C		ldr r7, [pc, #+1404] ; 0x20410F1D
005BB2F6  7838     		ldrb r0, [r7]

#99		{L:103}
(*) USINT
005BB2F8  2815     		cmp r0, #21
005BB2FA  BF18 2000		nemov r0, #0
005BB2FE  BF08 2001		eqmov r0, #1

#100
(-) BOOL
005BB302  2800     		cmp r0, #0
005BB304  F040 8136		bne #620 ; 0x005BB574


#101
#102
#103		{L:114}
(*) UNDEF
005BB308  F8DF 7564		ldr r7, [pc, #+1380] ; 0x20410F1D
005BB30C  7838     		ldrb r0, [r7]

#104		{L:114}
(*) USINT
005BB30E  281E     		cmp r0, #30
005BB310  BF18 2000		nemov r0, #0
005BB314  BF08 2001		eqmov r0, #1

#105
(-) BOOL
005BB318  2800     		cmp r0, #0
005BB31A  F040 8146		bne #652 ; 0x005BB5AA


#106
#107
#108		{L:127}
(*) UNDEF
005BB31E  F8DF 7550		ldr r7, [pc, #+1360] ; 0x20410F1D
005BB322  7838     		ldrb r0, [r7]

#109		{L:127}
(*) USINT
005BB324  2864     		cmp r0, #100
005BB326  BF18 2000		nemov r0, #0
005BB32A  BF08 2001		eqmov r0, #1

#110
(-) BOOL
005BB32E  2800     		cmp r0, #0
005BB330  F040 819E		bne #828 ; 0x005BB670


#111
#112
#113		{L:137}
(*) UNDEF
005BB334  F8DF 7538		ldr r7, [pc, #+1336] ; 0x20410F1D
005BB338  7838     		ldrb r0, [r7]

#114		{L:137}
(*) USINT
005BB33A  2865     		cmp r0, #101
005BB33C  BF18 2000		nemov r0, #0
005BB340  BF08 2001		eqmov r0, #1

#115
(-) BOOL
005BB344  2800     		cmp r0, #0
005BB346  F040 81CC		bne #920 ; 0x005BB6E2


#116
#117
#118		{L:159}
(*) UNDEF
005BB34A  F8DF 7524		ldr r7, [pc, #+1316] ; 0x20410F1D
005BB34E  7838     		ldrb r0, [r7]

#119		{L:159}
(*) USINT
005BB350  2866     		cmp r0, #102
005BB352  BF18 2000		nemov r0, #0
005BB356  BF08 2001		eqmov r0, #1

#120
(-) BOOL
005BB35A  2800     		cmp r0, #0
005BB35C  F040 824C		bne #1176 ; 0x005BB7F8


#121
(-) BOOL
005BB360  E256     		b #1196 ; 0x005BB810


#122
#123
#124
#125
#126
#127
#128		{L:65}
(*) UNDEF
005BB364  F8DF 7544		ldr r7, [pc, #+1348] ; 0x204131AE
005BB368  7838     		ldrb r0, [r7]

#129		{L:65}
(-) BOOL
005BB36A  2800     		cmp r0, #0
005BB36C  D008     		beq #16 ; 0x005BB380


#130
#131
#132
#133
#134		{L:65}
(*) BOOL
005BB370  2000     		mov r0, #0 ; 0
005BB372  F8DF 7538		ldr r7, [pc, #+1336] ; 0x204131AE
005BB376  7038     		strb r0, [r7]

#135
#136
#137		{L:65}
(*) BOOL
005BB378  200A     		mov r0, #10 ; 10
005BB37A  F8DF 74F4		ldr r7, [pc, #+1268] ; 0x20410F1D
005BB37E  7038     		strb r0, [r7]

#138
#139
#140
#141
#142
#143
#144		{L:66}
(*) UNDEF
005BB380  F8DF 752C		ldr r7, [pc, #+1324] ; 0x204131AF
005BB384  7838     		ldrb r0, [r7]

#145		{L:66}
(-) BOOL
005BB386  2800     		cmp r0, #0
005BB388  D008     		beq #16 ; 0x005BB39C


#146
#147
#148
#149
#150		{L:66}
(*) BOOL
005BB38C  2000     		mov r0, #0 ; 0
005BB38E  F8DF 7520		ldr r7, [pc, #+1312] ; 0x204131AF
005BB392  7038     		strb r0, [r7]

#151
#152
#153		{L:66}
(*) BOOL
005BB394  2014     		mov r0, #20 ; 20
005BB396  F8DF 74D8		ldr r7, [pc, #+1240] ; 0x20410F1D
005BB39A  7038     		strb r0, [r7]

#154
#155
#156
#157
#158
#159
#160		{L:67}
(*) UNDEF
005BB39C  F8DF 7514		ldr r7, [pc, #+1300] ; 0x204131B0
005BB3A0  7838     		ldrb r0, [r7]

#161		{L:67}
(-) BOOL
005BB3A2  2800     		cmp r0, #0
005BB3A4  D008     		beq #16 ; 0x005BB3B8


#162
#163
#164
#165
#166		{L:67}
(*) BOOL
005BB3A8  2000     		mov r0, #0 ; 0
005BB3AA  F8DF 7508		ldr r7, [pc, #+1288] ; 0x204131B0
005BB3AE  7038     		strb r0, [r7]

#167
#168
#169		{L:67}
(*) BOOL
005BB3B0  201E     		mov r0, #30 ; 30
005BB3B2  F8DF 74BC		ldr r7, [pc, #+1212] ; 0x20410F1D
005BB3B6  7038     		strb r0, [r7]

#170
#171
#172
#173
#174
#175
#176		{L:68}
(*) UNDEF
005BB3B8  F8DF 74B0		ldr r7, [pc, #+1200] ; 0x20410F1C
005BB3BC  7838     		ldrb r0, [r7]

#177		{L:68}
(-) BOOL
005BB3BE  2800     		cmp r0, #0
005BB3C0  D004     		beq #8 ; 0x005BB3CC


#178
#179
#180
#181
#182		{L:68}
(*) BOOL
005BB3C4  2064     		mov r0, #100 ; 100
005BB3C6  F8DF 74A8		ldr r7, [pc, #+1192] ; 0x20410F1D
005BB3CA  7038     		strb r0, [r7]

#183
#184
#185
#186
(-) USINT
005BB3CC  E220     		b #1088 ; 0x005BB810


#187
#188
#189
#190
#191		{L:76}
(*) UNDEF
005BB3D0  F8DF 74E4		ldr r7, [pc, #+1252] ; 0x20413210
005BB3D4  8838     		ldrh r0, [r7]

#192		{L:76}
(*) UINT
005BB3D6  B082     		sub sp, sp, #8
005BB3D8  F8CD 0000		str r0, [sp]
005BB3DC  20C0     		mov r0, #192 ; 192

#193		{L:76}
(*) UDINT
005BB3DE  B082     		sub sp, sp, #8
005BB3E0  F8CD 1000		str r1, [sp]
005BB3E4  210C     		mov r1, #12 ; 12
005BB3E6  FBB0 F0F1		udiv r0, r0, r1
005BB3EA  F8DD 1000		ldr r1, [sp]
005BB3EE  B002     		add sp, sp, #8

#194		{L:76}
(*) UDINT
005BB3F0  4607     		mov r7, r0
005BB3F2  F8DD 0000		ldr r0, [sp]
005BB3F6  B002     		add sp, sp, #8
005BB3F8  42B8     		cmp r0, r7
005BB3FA  BF98 2000		lsmov r0, #0
005BB3FE  BF88 2001		himov r0, #1

#195		{L:76}
(-) BOOL
005BB402  2800     		cmp r0, #0
005BB404  D006     		beq #12 ; 0x005BB414


#196
#197
#198
#199
#200		{L:76}
(*) BOOL
005BB408  2000     		mov r0, #0 ; 0
005BB40A  F8DF 7464		ldr r7, [pc, #+1124] ; 0x20410F1D
005BB40E  7038     		strb r0, [r7]

#201
#202
#203
#204
(-) USINT
005BB410  E1FE     		b #1020 ; 0x005BB810


#205
#206
#207
#208
#209		{L:77}
(*) USINT
005BB414  F8DF 0490		ldr r0, [pc, #+1168] ; 0x204131A0

#210		{L:77}
(*) DWORD
005BB418  F8DF 745C		ldr r7, [pc, #+1116] ; 0x20410F24
005BB41C  6038     		str r0, [r7]

#211		{L:77}
(*) DWORD
005BB41E  F8DF 7498		ldr r7, [pc, #+1176] ; 0x20413210
005BB422  883D     		ldrh r5, [r7]
005BB424  270C     		mov r7, #12
005BB426  437D     		mul r5, r5, r7
005BB428  F8DF 7498		ldr r7, [pc, #+1176] ; 0x20413224
005BB42C  EB07 0005		add r0, r7, r5, lsl #0

#212		{L:77}
(*) DWORD
005BB430  F8DF 7448		ldr r7, [pc, #+1096] ; 0x20410F28
005BB434  6038     		str r0, [r7]

#213		{L:77}
(*) DWORD
005BB436  F8DF 7480		ldr r7, [pc, #+1152] ; 0x20413210
005BB43A  883D     		ldrh r5, [r7]
005BB43C  270C     		mov r7, #12
005BB43E  437D     		mul r5, r5, r7
005BB440  F8DF 7480		ldr r7, [pc, #+1152] ; 0x20413224
005BB444  EB07 0005		add r0, r7, r5, lsl #0

#214		{L:77}
(*) DWORD
005BB448  F8DF 7434		ldr r7, [pc, #+1076] ; 0x20410F2C
005BB44C  6038     		str r0, [r7]

#215		{L:77}
(*) UNDEF
005BB44E  F8DF 7430		ldr r7, [pc, #+1072] ; 0x20410F2C
005BB452  6838     		ldr r0, [r7]

#216		{L:77}
(-) @UNDEF
005BB454  4600     		mov r0, r0
005BB456  F8DF 43D8		ldr r4, [pc, #+984] ; 0x4909F1
005BB45A  F044 0401		orr r4, r4, #1
005BB45E  47A0     		blx r4

#217		{L:77}
(*) UDINT
005BB460  F8DF 7420		ldr r7, [pc, #+1056] ; 0x20410F30
005BB464  6038     		str r0, [r7]

#218		{L:77}
(*) UNDEF
005BB466  F8DF 7410		ldr r7, [pc, #+1040] ; 0x20410F24
005BB46A  6838     		ldr r0, [r7]

#219		{L:77}
(-) @UNDEF
005BB46C  F8DF 7414		ldr r7, [pc, #+1044] ; 0x20410F30
005BB470  683A     		ldr r2, [r7]
005BB472  F8DF 7408		ldr r7, [pc, #+1032] ; 0x20410F28
005BB476  6839     		ldr r1, [r7]
005BB478  4600     		mov r0, r0
005BB47A  F8DF 43B0		ldr r4, [pc, #+944] ; 0x4907E5
005BB47E  F044 0401		orr r4, r4, #1
005BB482  47A0     		blx r4

#220		{L:77}
(*) @USINT
005BB484  F8DF 7400		ldr r7, [pc, #+1024] ; 0x20410F34
005BB488  6038     		str r0, [r7]

#221
#222
#223		{L:78}
(*) @USINT
005BB48A  F8DF 03CC		ldr r0, [pc, #+972] ; 0x20410ECF

#224		{L:78}
(*) DWORD
005BB48E  F8DF 73E8		ldr r7, [pc, #+1000] ; 0x20410F24
005BB492  6038     		str r0, [r7]

#225		{L:78}
(*) DWORD
005BB494  F8DF 0410		ldr r0, [pc, #+1040] ; 0x204131A0

#226		{L:78}
(*) DWORD
005BB498  F8DF 73E0		ldr r7, [pc, #+992] ; 0x20410F28
005BB49C  6038     		str r0, [r7]

#227		{L:78}
(*) UNDEF
005BB49E  F8DF 73D8		ldr r7, [pc, #+984] ; 0x20410F24
005BB4A2  6838     		ldr r0, [r7]

#228		{L:78}
(-) @UNDEF
005BB4A4  B082     		sub sp, sp, #8
005BB4A6  F8DF 73D4		ldr r7, [pc, #+980] ; 0x20410F28
005BB4AA  683F     		ldr r7, [r7]
005BB4AC  F8CD 7000		str r7, [sp]
005BB4B0  2332     		mov r3, #50 ; 50
005BB4B2  F8DF 7388		ldr r7, [pc, #+904] ; 0x5BA11C
005BB4B6  463A     		mov r2, r7
005BB4B8  2121     		mov r1, #33 ; 33
005BB4BA  4600     		mov r0, r0
005BB4BC  F8DF 4360		ldr r4, [pc, #+864] ; 0x48F96D
005BB4C0  F044 0401		orr r4, r4, #1
005BB4C4  47A0     		blx r4
005BB4C6  B002     		add sp, sp, #8

#229		{L:78}
(*) INT
005BB4C8  F8DF 73BC		ldr r7, [pc, #+956] ; 0x20410F34
005BB4CC  6038     		str r0, [r7]

#230
#231
#232		{L:79}
(*) INT
005BB4CE  2001     		mov r0, #1 ; 1
005BB4D0  F8DF 737C		ldr r7, [pc, #+892] ; 0x20410ECD
005BB4D4  7038     		strb r0, [r7]

#233
#234
#235		{L:80}
(*) UNDEF
005BB4D6  F8DF 7398		ldr r7, [pc, #+920] ; 0x20410F1D
005BB4DA  7838     		ldrb r0, [r7]

#236		{L:80}
(-) USINT
005BB4DC  1C40     		add r0, r0, #1

#237		{L:80}
(*) USINT
005BB4DE  F8DF 7390		ldr r7, [pc, #+912] ; 0x20410F1D
005BB4E2  7038     		strb r0, [r7]

#238
(-) USINT
005BB4E4  E194     		b #808 ; 0x005BB810


#239
#240
#241
#242
#243		{L:86}
(*) UNDEF
005BB4E8  F8DF 7378		ldr r7, [pc, #+888] ; 0x20410EF9
005BB4EC  7838     		ldrb r0, [r7]

#244		{L:86}
(*) BOOL
005BB4EE  2800     		cmp r0, #0
005BB4F0  BF08 2001		eqmov r0, #1
005BB4F4  BF18 2000		nemov r0, #0

#245		{L:86}
(-) BOOL
005BB4F8  2800     		cmp r0, #0
005BB4FA  D002     		beq #4 ; 0x005BB502


#246
#247
#248
#249
#250
#251
(-) BOOL
005BB4FE  E187     		b #782 ; 0x005BB810


#252
#253
#254
#255
#256		{L:87}
(*) BOOL
005BB502  2000     		mov r0, #0 ; 0
005BB504  F8DF 7348		ldr r7, [pc, #+840] ; 0x20410ECD
005BB508  7038     		strb r0, [r7]

#257
#258
#259		{L:88}
(*) BOOL
005BB50A  2000     		mov r0, #0 ; 0
005BB50C  F8DF 7360		ldr r7, [pc, #+864] ; 0x20410F1D
005BB510  7038     		strb r0, [r7]

#260
(-) USINT
005BB512  E17D     		b #762 ; 0x005BB810


#261
#262
#263
#264		{L:96}
(*) USINT
005BB516  F8DF 0340		ldr r0, [pc, #+832] ; 0x20410ECF

#265		{L:96}
(*) DWORD
005BB51A  F8DF 735C		ldr r7, [pc, #+860] ; 0x20410F24
005BB51E  6038     		str r0, [r7]

#266		{L:96}
(*) DWORD
005BB520  F8DF 0384		ldr r0, [pc, #+900] ; 0x204131A0

#267		{L:96}
(*) DWORD
005BB524  F8DF 7354		ldr r7, [pc, #+852] ; 0x20410F28
005BB528  6038     		str r0, [r7]

#268		{L:96}
(*) UNDEF
005BB52A  F8DF 734C		ldr r7, [pc, #+844] ; 0x20410F24
005BB52E  6838     		ldr r0, [r7]

#269		{L:96}
(-) @UNDEF
005BB530  B082     		sub sp, sp, #8
005BB532  F8DF 7348		ldr r7, [pc, #+840] ; 0x20410F28
005BB536  683F     		ldr r7, [r7]
005BB538  F8CD 7000		str r7, [sp]
005BB53C  2332     		mov r3, #50 ; 50
005BB53E  F8DF 72FC		ldr r7, [pc, #+764] ; 0x5BA11C
005BB542  463A     		mov r2, r7
005BB544  2121     		mov r1, #33 ; 33
005BB546  4600     		mov r0, r0
005BB548  F8DF 42D4		ldr r4, [pc, #+724] ; 0x48F96D
005BB54C  F044 0401		orr r4, r4, #1
005BB550  47A0     		blx r4
005BB552  B002     		add sp, sp, #8

#270		{L:96}
(*) INT
005BB554  F8DF 7330		ldr r7, [pc, #+816] ; 0x20410F34
005BB558  6038     		str r0, [r7]

#271
#272
#273		{L:97}
(*) INT
005BB55A  2001     		mov r0, #1 ; 1
005BB55C  F8DF 72F4		ldr r7, [pc, #+756] ; 0x20410ECE
005BB560  7038     		strb r0, [r7]

#274
#275
#276		{L:98}
(*) UNDEF
005BB562  F8DF 730C		ldr r7, [pc, #+780] ; 0x20410F1D
005BB566  7838     		ldrb r0, [r7]

#277		{L:98}
(-) USINT
005BB568  1C40     		add r0, r0, #1

#278		{L:98}
(*) USINT
005BB56A  F8DF 7304		ldr r7, [pc, #+772] ; 0x20410F1D
005BB56E  7038     		strb r0, [r7]

#279
(-) USINT
005BB570  E14E     		b #668 ; 0x005BB810


#280
#281
#282
#283
#284		{L:104}
(*) UNDEF
005BB574  F8DF 72EC		ldr r7, [pc, #+748] ; 0x20410EF9
005BB578  7838     		ldrb r0, [r7]

#285		{L:104}
(*) BOOL
005BB57A  2800     		cmp r0, #0
005BB57C  BF08 2001		eqmov r0, #1
005BB580  BF18 2000		nemov r0, #0

#286		{L:104}
(-) BOOL
005BB584  2800     		cmp r0, #0
005BB586  D002     		beq #4 ; 0x005BB58E


#287
#288
#289
#290
#291
#292
(-) BOOL
005BB58A  E141     		b #642 ; 0x005BB810


#293
#294
#295
#296
#297		{L:105}
(*) BOOL
005BB58E  2000     		mov r0, #0 ; 0
005BB590  F8DF 72C0		ldr r7, [pc, #+704] ; 0x20410ECE
005BB594  7038     		strb r0, [r7]

#298
#299
#300		{L:106}
(*) BOOL
005BB596  2001     		mov r0, #1 ; 1
005BB598  F8DF 72D0		ldr r7, [pc, #+720] ; 0x20410F1C
005BB59C  7038     		strb r0, [r7]

#301
#302
#303		{L:107}
(*) BOOL
005BB59E  2000     		mov r0, #0 ; 0
005BB5A0  F8DF 72CC		ldr r7, [pc, #+716] ; 0x20410F1D
005BB5A4  7038     		strb r0, [r7]

#304
(-) USINT
005BB5A6  E133     		b #614 ; 0x005BB810


#305
#306
#307
#308
#309		{L:115}
(*) UNDEF
005BB5AA  F8DF 730C		ldr r7, [pc, #+780] ; 0x20413210
005BB5AE  8838     		ldrh r0, [r7]

#310		{L:115}
(*) UINT
005BB5B0  B082     		sub sp, sp, #8
005BB5B2  F8CD 0000		str r0, [sp]
005BB5B6  20C0     		mov r0, #192 ; 192

#311		{L:115}
(*) UDINT
005BB5B8  B082     		sub sp, sp, #8
005BB5BA  F8CD 1000		str r1, [sp]
005BB5BE  210C     		mov r1, #12 ; 12
005BB5C0  FBB0 F0F1		udiv r0, r0, r1
005BB5C4  F8DD 1000		ldr r1, [sp]
005BB5C8  B002     		add sp, sp, #8

#312		{L:115}
(*) UDINT
005BB5CA  4607     		mov r7, r0
005BB5CC  F8DD 0000		ldr r0, [sp]
005BB5D0  B002     		add sp, sp, #8
005BB5D2  42B8     		cmp r0, r7
005BB5D4  BF98 2000		lsmov r0, #0
005BB5D8  BF88 2001		himov r0, #1

#313		{L:115}
(-) BOOL
005BB5DC  2800     		cmp r0, #0
005BB5DE  D006     		beq #12 ; 0x005BB5EE


#314
#315
#316
#317
#318		{L:115}
(*) BOOL
005BB5E2  2000     		mov r0, #0 ; 0
005BB5E4  F8DF 7288		ldr r7, [pc, #+648] ; 0x20410F1D
005BB5E8  7038     		strb r0, [r7]

#319
#320
#321
#322
(-) USINT
005BB5EA  E111     		b #546 ; 0x005BB810


#323
#324
#325
#326
#327		{L:116}
(*) USINT
005BB5EE  F8DF 0268		ldr r0, [pc, #+616] ; 0x20410ECF

#328		{L:116}
(*) DWORD
005BB5F2  F8DF 7284		ldr r7, [pc, #+644] ; 0x20410F24
005BB5F6  6038     		str r0, [r7]

#329		{L:116}
(*) DWORD
005BB5F8  F8DF 72BC		ldr r7, [pc, #+700] ; 0x20413210
005BB5FC  883D     		ldrh r5, [r7]
005BB5FE  270C     		mov r7, #12
005BB600  437D     		mul r5, r5, r7
005BB602  F8DF 72C0		ldr r7, [pc, #+704] ; 0x20413224
005BB606  EB07 0005		add r0, r7, r5, lsl #0

#330		{L:116}
(*) DWORD
005BB60A  F8DF 7270		ldr r7, [pc, #+624] ; 0x20410F28
005BB60E  6038     		str r0, [r7]

#331		{L:116}
(*) UNDEF
005BB610  F8DF 7264		ldr r7, [pc, #+612] ; 0x20410F24
005BB614  6838     		ldr r0, [r7]

#332		{L:116}
(-) @UNDEF
005BB616  B082     		sub sp, sp, #8
005BB618  F8DF 7260		ldr r7, [pc, #+608] ; 0x20410F28
005BB61C  683F     		ldr r7, [r7]
005BB61E  F8CD 7000		str r7, [sp]
005BB622  2332     		mov r3, #50 ; 50
005BB624  F8DF 7214		ldr r7, [pc, #+532] ; 0x5BA11C
005BB628  463A     		mov r2, r7
005BB62A  2121     		mov r1, #33 ; 33
005BB62C  4600     		mov r0, r0
005BB62E  F8DF 41F0		ldr r4, [pc, #+496] ; 0x48F96D
005BB632  F044 0401		orr r4, r4, #1
005BB636  47A0     		blx r4
005BB638  B002     		add sp, sp, #8

#333		{L:116}
(*) INT
005BB63A  F8DF 724C		ldr r7, [pc, #+588] ; 0x20410F34
005BB63E  6038     		str r0, [r7]

#334
#335
#336		{L:117}
(*) UNDEF
005BB640  F8DF 0214		ldr r0, [pc, #+532] ; 0x20410ECF

#337		{L:117}
(-) STRING
005BB644  F8DF 41D4		ldr r4, [pc, #+468] ; 0x48F461
005BB648  F044 0401		orr r4, r4, #1
005BB64C  47A0     		blx r4

#338		{L:117}
(*) BOOL
005BB64E  F8DF 7238		ldr r7, [pc, #+568] ; 0x20410F34
005BB652  6038     		str r0, [r7]

#339
#340
#341		{L:118}
(*) BOOL
005BB654  2000     		mov r0, #0 ; 0
005BB656  F8DF 7260		ldr r7, [pc, #+608] ; 0x20413210
005BB65A  8038     		strh r0, [r7]

#342
#343
#344		{L:119}
(*) UINT
005BB65C  2001     		mov r0, #1 ; 1
005BB65E  F8DF 720C		ldr r7, [pc, #+524] ; 0x20410F1C
005BB662  7038     		strb r0, [r7]

#345
#346
#347		{L:120}
(*) BOOL
005BB664  2000     		mov r0, #0 ; 0
005BB666  F8DF 7208		ldr r7, [pc, #+520] ; 0x20410F1D
005BB66A  7038     		strb r0, [r7]

#348
(-) USINT
005BB66C  E0D0     		b #416 ; 0x005BB810


#349
#350
#351
#352		{L:128}
(*) USINT
005BB670  2001     		mov r0, #1 ; 1
005BB672  F8DF 721C		ldr r7, [pc, #+540] ; 0x20410F40
005BB676  7038     		strb r0, [r7]

#353
#354
#355		{L:129}
(*) BOOL
005BB678  F8DF 0248		ldr r0, [pc, #+584] ; 0x20413224

#356		{L:129}
(*) DWORD
005BB67C  F8DF 71F8		ldr r7, [pc, #+504] ; 0x20410F24
005BB680  6038     		str r0, [r7]

#357		{L:129}
(*) UNDEF
005BB682  F8DF 71F4		ldr r7, [pc, #+500] ; 0x20410F24
005BB686  6838     		ldr r0, [r7]

#358		{L:129}
(-) @UNDEF
005BB688  22C0     		mov r2, #192 ; 192
005BB68A  2100     		mov r1, #0 ; 0
005BB68C  4600     		mov r0, r0
005BB68E  F8DF 4198		ldr r4, [pc, #+408] ; 0x490795
005BB692  F044 0401		orr r4, r4, #1
005BB696  47A0     		blx r4

#359		{L:129}
(*) @USINT
005BB698  F8DF 71EC		ldr r7, [pc, #+492] ; 0x20410F34
005BB69C  6038     		str r0, [r7]

#360
#361
#362		{L:130}
(*) UDINT
005BB69E  F8DF 71A0		ldr r7, [pc, #+416] ; 0x5BA12C
005BB6A2  4638     		mov r0, r7
005BB6A4  B082     		sub sp, sp, #8
005BB6A6  F8CD 0000		str r0, [sp]
005BB6AA  E92D 0006		stmdb sp!, { r1, r2 }
005BB6AE  2221     		mov r2, #33 ; 33
005BB6B0  F8DF 11E4		ldr r1, [pc, #+484] ; 0x20410F42
005BB6B4  F8DF 417C		ldr r4, [pc, #+380] ; 0x4A46DD
005BB6B8  F044 0401		orr r4, r4, #1
005BB6BC  47A0     		blx r4
005BB6BE  E8BD 0006		ldmia sp!, { r1, r2 }
005BB6C2  F8DD 0000		ldr r0, [sp]
005BB6C6  B002     		add sp, sp, #8

#363
#364
#365		{L:131}
(*) STRING
005BB6C8  2000     		mov r0, #0 ; 0
005BB6CA  F8DF 71F4		ldr r7, [pc, #+500] ; 0x20413222
005BB6CE  8038     		strh r0, [r7]

#366
#367
#368		{L:132}
(*) UNDEF
005BB6D0  F8DF 719C		ldr r7, [pc, #+412] ; 0x20410F1D
005BB6D4  7838     		ldrb r0, [r7]

#369		{L:132}
(-) USINT
005BB6D6  1C40     		add r0, r0, #1

#370		{L:132}
(*) USINT
005BB6D8  F8DF 7194		ldr r7, [pc, #+404] ; 0x20410F1D
005BB6DC  7038     		strb r0, [r7]

#371
(-) USINT
005BB6DE  E097     		b #302 ; 0x005BB810


#372
#373
#374
#375		{L:138}
(*) USINT
005BB6E2  E92D 0021		stmdb sp!, { r0, r5 }
005BB6E6  F8DF 71A4		ldr r7, [pc, #+420] ; 0x20410F38
005BB6EA  4638     		mov r0, r7
005BB6EC  F8DF 4128		ldr r4, [pc, #+296] ; 0x48CE61
005BB6F0  F044 0401		orr r4, r4, #1
005BB6F4  47A0     		blx r4
005BB6F6  E8BD 0021		ldmia sp!, { r0, r5 }

#376
#377
#378		{L:139}
(*) USINT
005BB6FA  2000     		mov r0, #0 ; 0
005BB6FC  F8DF 7190		ldr r7, [pc, #+400] ; 0x20410F40
005BB700  7038     		strb r0, [r7]

#379
#380
#381		{L:140}
(*) BOOL
005BB702  2001     		mov r0, #1 ; 1
005BB704  F8DF 718C		ldr r7, [pc, #+396] ; 0x20410F41
005BB708  7038     		strb r0, [r7]

#382
#383
#384
#385		{L:141}
(*) UNDEF
005BB70A  F8DF 7190		ldr r7, [pc, #+400] ; 0x20410F63
005BB70E  7838     		ldrb r0, [r7]

#386		{L:141}
(*) BOOL
005BB710  2800     		cmp r0, #0
005BB712  BF08 2001		eqmov r0, #1
005BB716  BF18 2000		nemov r0, #0

#387		{L:141}
(-) BOOL
005BB71A  2800     		cmp r0, #0
005BB71C  D009     		beq #18 ; 0x005BB732


#388
#389
#390
#391
#392		{L:141}
(*) UNDEF
005BB720  F8DF 714C		ldr r7, [pc, #+332] ; 0x20410F1D
005BB724  7838     		ldrb r0, [r7]

#393		{L:141}
(-) USINT
005BB726  1C40     		add r0, r0, #1

#394		{L:141}
(*) USINT
005BB728  F8DF 7144		ldr r7, [pc, #+324] ; 0x20410F1D
005BB72C  7038     		strb r0, [r7]

#395
#396
#397
#398
(-) USINT
005BB72E  E06F     		b #222 ; 0x005BB810


#399
#400
#401
#402
#403
#404		{L:145}
(*) UNDEF
005BB732  F8DF 718C		ldr r7, [pc, #+396] ; 0x20413222
005BB736  8838     		ldrh r0, [r7]

#405		{L:145}
(*) UINT
005BB738  B082     		sub sp, sp, #8
005BB73A  F8CD 0000		str r0, [sp]
005BB73E  20C0     		mov r0, #192 ; 192

#406		{L:145}
(*) UDINT
005BB740  B082     		sub sp, sp, #8
005BB742  F8CD 1000		str r1, [sp]
005BB746  210C     		mov r1, #12 ; 12
005BB748  FBB0 F0F1		udiv r0, r0, r1
005BB74C  F8DD 1000		ldr r1, [sp]
005BB750  B002     		add sp, sp, #8

#407		{L:145}
(*) UDINT
005BB752  4607     		mov r7, r0
005BB754  F8DD 0000		ldr r0, [sp]
005BB758  B002     		add sp, sp, #8
005BB75A  42B8     		cmp r0, r7
005BB75C  BF38 2000		lomov r0, #0
005BB760  BF28 2001		hsmov r0, #1

#408		{L:145}
(-) BOOL
005BB764  2800     		cmp r0, #0
005BB766  D009     		beq #18 ; 0x005BB77C


#409
#410
#411
#412
#413		{L:146}
(*) UNDEF
005BB76A  F8DF 7104		ldr r7, [pc, #+260] ; 0x20410F1D
005BB76E  7838     		ldrb r0, [r7]

#414		{L:146}
(-) USINT
005BB770  1C40     		add r0, r0, #1

#415		{L:146}
(*) USINT
005BB772  F8DF 70FC		ldr r7, [pc, #+252] ; 0x20410F1D
005BB776  7038     		strb r0, [r7]

#416
#417
#418
#419
(-) USINT
005BB778  E04A     		b #148 ; 0x005BB810


#420
#421
#422
#423
#424		{L:153}
(*) USINT
005BB77C  F8DF 7140		ldr r7, [pc, #+320] ; 0x20413222
005BB780  883D     		ldrh r5, [r7]
005BB782  270C     		mov r7, #12
005BB784  437D     		mul r5, r5, r7
005BB786  F8DF 713C		ldr r7, [pc, #+316] ; 0x20413224
005BB78A  EB07 0005		add r0, r7, r5, lsl #0

#425		{L:153}
(*) DWORD
005BB78E  F8DF 70E8		ldr r7, [pc, #+232] ; 0x20410F24
005BB792  6038     		str r0, [r7]

#426		{L:153}
(*) DWORD
005BB794  F8DF 0108		ldr r0, [pc, #+264] ; 0x20410F70

#427		{L:153}
(*) DWORD
005BB798  F8DF 70E0		ldr r7, [pc, #+224] ; 0x20410F28
005BB79C  6038     		str r0, [r7]

#428		{L:153}
(*) DWORD
005BB79E  F8DF 0100		ldr r0, [pc, #+256] ; 0x20410F70

#429		{L:153}
(*) DWORD
005BB7A2  F8DF 70DC		ldr r7, [pc, #+220] ; 0x20410F2C
005BB7A6  6038     		str r0, [r7]

#430		{L:153}
(*) UNDEF
005BB7A8  F8DF 70D4		ldr r7, [pc, #+212] ; 0x20410F2C
005BB7AC  6838     		ldr r0, [r7]

#431		{L:153}
(-) @UNDEF
005BB7AE  4600     		mov r0, r0
005BB7B0  F8DF 407C		ldr r4, [pc, #+124] ; 0x4909F1
005BB7B4  F044 0401		orr r4, r4, #1
005BB7B8  47A0     		blx r4

#432		{L:153}
(-) UDINT
005BB7BA  1F00     		sub r0, r0, #4

#433		{L:153}
(*) UDINT
005BB7BC  F8DF 70C4		ldr r7, [pc, #+196] ; 0x20410F30
005BB7C0  6038     		str r0, [r7]

#434		{L:153}
(*) UNDEF
005BB7C2  F8DF 70B4		ldr r7, [pc, #+180] ; 0x20410F24
005BB7C6  6838     		ldr r0, [r7]

#435		{L:153}
(-) @UNDEF
005BB7C8  F8DF 70B8		ldr r7, [pc, #+184] ; 0x20410F30
005BB7CC  683A     		ldr r2, [r7]
005BB7CE  F8DF 70AC		ldr r7, [pc, #+172] ; 0x20410F28
005BB7D2  6839     		ldr r1, [r7]
005BB7D4  4600     		mov r0, r0
005BB7D6  F8DF 4054		ldr r4, [pc, #+84] ; 0x4907E5
005BB7DA  F044 0401		orr r4, r4, #1
005BB7DE  47A0     		blx r4

#436		{L:153}
(*) @USINT
005BB7E0  F8DF 70A4		ldr r7, [pc, #+164] ; 0x20410F34
005BB7E4  6038     		str r0, [r7]

#437
#438
#439		{L:154}
(*) UNDEF
005BB7E6  F8DF 70D8		ldr r7, [pc, #+216] ; 0x20413222
005BB7EA  8838     		ldrh r0, [r7]

#440		{L:154}
(-) UINT
005BB7EC  1C40     		add r0, r0, #1

#441		{L:154}
(*) UINT
005BB7EE  F8DF 70D0		ldr r7, [pc, #+208] ; 0x20413222
005BB7F2  8038     		strh r0, [r7]

#442
(-) UINT
005BB7F4  E00C     		b #24 ; 0x005BB810


#443
#444
#445
#446		{L:160}
(*) UINT
005BB7F8  2001     		mov r0, #1 ; 1
005BB7FA  F8DF 70C0		ldr r7, [pc, #+192] ; 0x20413220
005BB7FE  8038     		strh r0, [r7]

#447
#448
#449		{L:161}
(*) WORD
005BB800  2000     		mov r0, #0 ; 0
005BB802  F8DF 7068		ldr r7, [pc, #+104] ; 0x20410F1C
005BB806  7038     		strb r0, [r7]

#450
#451
#452		{L:162}
(*) BOOL
005BB808  2000     		mov r0, #0 ; 0
005BB80A  F8DF 7064		ldr r7, [pc, #+100] ; 0x20410F1D
005BB80E  7038     		strb r0, [r7]

005BB810  E8BD 4DF0		ldmia sp!, { r4, r5, r6, r7, r8, r10, fp, lr }

005BB814  4770     		bx lr

005BB818  0048CE61		; 0x0048CE61
005BB81C  0048F461		; 0x0048F461
005BB820  0048F96D		; 0x0048F96D
005BB824  00490519		; 0x00490519
005BB828  00490795		; 0x00490795
005BB82C  004907E5		; 0x004907E5
005BB830  004909F1		; 0x004909F1
005BB834  004A46DD		; 0x004A46DD
005BB838  005BA118		; 0x005BA118
005BB83C  005BA11C		; 0x005BA11C
005BB840  005BA12C		; 0x005BA12C
005BB844  005BA44C		; 0x005BA44C
005BB848  20410E68		; 0x20410E68
005BB84C  20410ECC		; 0x20410ECC
005BB850  20410ECD		; 0x20410ECD
005BB854  20410ECE		; 0x20410ECE
005BB858  20410ECF		; 0x20410ECF
005BB85C  20410EF0		; 0x20410EF0
005BB860  20410EF4		; 0x20410EF4
005BB864  20410EF9		; 0x20410EF9
005BB868  20410EFA		; 0x20410EFA
005BB86C  20410F1C		; 0x20410F1C
005BB870  20410F1D		; 0x20410F1D
005BB874  20410F20		; 0x20410F20
005BB878  20410F24		; 0x20410F24
005BB87C  20410F28		; 0x20410F28
005BB880  20410F2C		; 0x20410F2C
005BB884  20410F30		; 0x20410F30
005BB888  20410F34		; 0x20410F34
005BB88C  20410F38		; 0x20410F38
005BB890  20410F40		; 0x20410F40
005BB894  20410F41		; 0x20410F41
005BB898  20410F42		; 0x20410F42
005BB89C  20410F63		; 0x20410F63
005BB8A0  20410F70		; 0x20410F70
005BB8A4  20412E51		; 0x20412E51
005BB8A8  204131A0		; 0x204131A0
005BB8AC  204131AE		; 0x204131AE
005BB8B0  204131AF		; 0x204131AF
005BB8B4  204131B0		; 0x204131B0
005BB8B8  20413210		; 0x20413210
005BB8BC  20413220		; 0x20413220
005BB8C0  20413222		; 0x20413222
005BB8C4  20413224		; 0x20413224
005BB8C8  20413990		; 0x20413990

END_PROGRAM


**************************************************
	Target variable image generation
**************************************************


*** INPUT:
005BB8CC  4770     		bx lr


*** OUTPUT:
005BB8CE  4770     		bx lr



**************************************************
	Task Back init code
**************************************************

005BB8D0  E92D 4DF0		stmdb sp!, { r4, r5, r6, r7, r8, r10, fp, lr }

005BB8D4  E8BD 4DF0		ldmia sp!, { r4, r5, r6, r7, r8, r10, fp, lr }

005BB8D8  4770     		bx lr


**************************************************
VIRTUAL TABLES:

--------------------------------------------------------
VIRTUAL TABLES INDEXES
--------------------------------------------------------


**************************************************
	Global init code
**************************************************

005BB8F0  E92D 4DF0		stmdb sp!, { r4, r5, r6, r7, r8, r10, fp, lr }

005BB8F4  E8BD 4DF0		ldmia sp!, { r4, r5, r6, r7, r8, r10, fp, lr }

005BB8F8  4770     		bx lr



********************************************
MEMORY MAP
********************************************

Code area type:			main code
Start code area:		  5BA000h
End code area:			  5BB900h
Code size:			    1900h

Start local data area:		20410E28h
End local data area:		20410F84h
Local data size:		     15Ch

Start retentive data area:	20410A3Ch
End retentive data area:	20410A3Ch
Retentive data size:		       0h

Start bit data area:		       0h
End bit data area:		       0h
Bit data size:			       0h



********************************************
CODE ID:                                7EC5BD94
DEBUG MEMO ID:                          00006A12
FULL MEMO ID:                           0000C2D2
********************************************
